PRT1
356
986
4 1 3 (2048 -3072 2048 ) (2048 -3072 128 ) (2048 -4096 128 ) (2048 -4096 2048 ) 
4 1 2 (3072 -4096 128 ) (3072 -4096 2048 ) (2048 -4096 2048 ) (2048 -4096 128 ) 
4 2 4 (2048 -4352 2048 ) (2048 -4096 2048 ) (2048 -4096 128 ) (2048 -4352 128 ) 
4 3 5 (1024 -4096 128 ) (1024 -4096 2048 ) (1024 -3072 2048 ) (1024 -3072 128 ) 
4 3 4 (2048 -4096 128 ) (2048 -4096 2048 ) (1024 -4096 2048 ) (1024 -4096 128 ) 
4 4 16 (1024 -4352 2048 ) (1024 -4096 2048 ) (1024 -4096 128 ) (1024 -4352 128 ) 
4 5 16 (1024 -4096 128 ) (1024 -4096 2048 ) (128 -4096 2048 ) (128 -4096 128 ) 
4 5 6 (128 -3072 2048 ) (128 -3072 192 ) (128 -4096 192 ) (128 -4096 2048 ) 
4 6 17 (128 -4096 192 ) (128 -4096 2048 ) (0 -4096 2048 ) (0 -4096 206.222290 ) 
4 6 14 (0 -3584 320 ) (0 -3072 320 ) (0 -3072 206.222290 ) (0 -3584 206.222229 ) 
4 6 15 (0 -4096 206.222168 ) (0 -4096 320 ) (0 -3584 320 ) (0 -3584 206.222229 ) 
4 6 10 (0 -4096 320 ) (0 -4096 448 ) (0 -3072 448 ) (0 -3072 320 ) 
4 6 8 (0 -4096 448 ) (0 -4096 704 ) (0 -3072 704 ) (0 -3072 448 ) 
4 6 7 (0 -4096 704 ) (0 -4096 2048 ) (0 -3072 2048 ) (0 -3072 704 ) 
4 7 105 (-1024 -4096 704 ) (-1024 -4096 864 ) (-1024 -3072 864 ) (-1024 -3072 704 ) 
4 7 104 (-1024 -4096 864 ) (-1024 -4096 2048 ) (-1024 -3072 2048 ) (-1024 -3072 864 ) 
4 7 18 (0 -4096 704 ) (0 -4096 2048 ) (-1024 -4096 2048 ) (-1024 -4096 704 ) 
4 7 9 (-512 -3584 704 ) (-512 -4096 704 ) (-1024 -4096 704 ) (-1024 -3584 704 ) 
4 7 8 (-512 -3072 704 ) (0 -3072 704 ) (0 -4096 704 ) (-512 -4096 704 ) 
4 8 19 (0 -4096 448 ) (0 -4096 672 ) (-512 -4096 672 ) (-512 -4096 448 ) 
4 8 18 (0 -4096 672 ) (0 -4096 704 ) (-512 -4096 704 ) (-512 -4096 672 ) 
4 8 10 (0 -4096 448 ) (-512 -4096 448 ) (-512 -3072 448 ) (0 -3072 448 ) 
4 8 9 (-512 -3584 448 ) (-512 -4096 448 ) (-512 -4096 704 ) (-512 -3584 704 ) 
4 9 107 (-1024 -4096 448 ) (-1024 -4096 704 ) (-1024 -3584 704 ) (-1024 -3584 448 ) 
4 9 19 (-1024 -4096 672 ) (-1024 -4096 448 ) (-512 -4096 448 ) (-512 -4096 672 ) 
4 9 18 (-512 -4096 704 ) (-1024 -4096 704 ) (-1024 -4096 672 ) (-512 -4096 672 ) 
4 9 13 (-896 -4096 448 ) (-1024 -4096 448 ) (-1024 -3584 448 ) (-896 -3584 448 ) 
4 9 12 (-768 -4096 448 ) (-896 -4096 448 ) (-896 -3584 448 ) (-768 -3584 448 ) 
4 9 11 (-512 -4096 448 ) (-768 -4096 448 ) (-768 -3584 448 ) (-512 -3584 448 ) 
4 10 19 (0 -4096 320 ) (0 -4096 448 ) (-512 -4096 448 ) (-512 -4096 320 ) 
4 10 14 (-512 -3072 320 ) (0 -3072 320 ) (0 -3584 320 ) (-512 -3584 320 ) 
4 10 15 (0 -3584 320 ) (0 -4096 320 ) (-512 -4096 320 ) (-512 -3584 320 ) 
4 10 11 (-512 -3584 320 ) (-512 -4096 320 ) (-512 -4096 448 ) (-512 -3584 448 ) 
4 11 19 (-512 -4096 448 ) (-768 -4096 448 ) (-768 -4096 320 ) (-512 -4096 320 ) 
4 11 15 (-512 -3584 320 ) (-512 -4096 320 ) (-768 -4096 320 ) (-768 -3584 320 ) 
4 11 12 (-768 -3584 320 ) (-768 -4096 320 ) (-768 -4096 448 ) (-768 -3584 448 ) 
4 12 19 (-768 -4096 448 ) (-896 -4096 448 ) (-896 -4096 320 ) (-768 -4096 320 ) 
4 12 15 (-768 -3584 320 ) (-768 -4096 320 ) (-896 -4096 320 ) (-896 -3584 320 ) 
4 12 13 (-896 -3584 320 ) (-896 -4096 320 ) (-896 -4096 448 ) (-896 -3584 448 ) 
4 13 109 (-1024 -4096 320 ) (-1024 -4096 448 ) (-1024 -3584 448 ) (-1024 -3584 320 ) 
4 13 19 (-896 -4096 448 ) (-1024 -4096 448 ) (-1024 -4096 320 ) (-896 -4096 320 ) 
4 13 15 (-896 -3584 320 ) (-896 -4096 320 ) (-1024 -4096 320 ) (-1024 -3584 320 ) 
4 14 15 (-512 -3584 263.111542 ) (0 -3584 206.222641 ) (0 -3584 320 ) (-512 -3584 320 ) 
3 15 19 (0 -4096 206.222412 ) (0 -4096 320 ) (-1024 -4096 320 ) 
4 16 17 (128 -4352 192 ) (128 -4352 2048 ) (128 -4096 2048 ) (128 -4096 192 ) 
4 17 19 (0 -4096 672 ) (0 -4096 206.222168 ) (0 -4160 206.222183 ) (0 -4160 672 ) 
4 17 18 (0 -4096 2048 ) (0 -4096 672 ) (0 -4352 672 ) (0 -4352 2048 ) 
4 18 142 (-1024 -4480 2048 ) (-1024 -4096 2048 ) (-1024 -4096 856 ) (-1024 -4480 856 ) 
4 18 19 (-1024 -4160 672 ) (-1024 -4096 672 ) (0 -4096 672 ) (0 -4160 672 ) 
4 20 172 (-1024 -4992 832 ) (-1024 -4992 2048 ) (-1024 -4864 2048 ) (-1024 -4864 832 ) 
4 20 143 (-1024 -4864 2048 ) (-1024 -4608 2048 ) (-1024 -4608 856 ) (-1024 -4864 856 ) 
4 20 24 (-768 -4992 2048 ) (-1024 -4992 2048 ) (-1024 -4992 832 ) (-768 -4992 832 ) 
4 20 22 (-384 -4992 2048 ) (-768 -4992 2048 ) (-768 -4992 832 ) (-384 -4992 832 ) 
4 20 21 (0 -4992 832 ) (0 -4992 2048 ) (-384 -4992 2048 ) (-384 -4992 832 ) 
4 21 34 (0 -5120 832 ) (0 -5120 2048 ) (-384 -5120 2048 ) (-384 -5120 832 ) 
4 21 23 (-384 -5088 832 ) (-384 -5120 832 ) (-384 -5120 2048 ) (-384 -5088 2048 ) 
4 21 22 (-384 -4992 2048 ) (-384 -4992 832 ) (-384 -5088 832 ) (-384 -5088 2048 ) 
4 22 24 (-768 -4992 2048 ) (-768 -4992 832 ) (-768 -5088 832 ) (-768 -5088 2048 ) 
4 22 23 (-768 -5088 2048 ) (-768 -5088 832 ) (-384 -5088 832 ) (-384 -5088 2048 ) 
4 23 46 (-768 -5120 832 ) (-768 -5120 192 ) (-512 -5120 192 ) (-512 -5120 832 ) 
4 23 45 (-768 -5120 888 ) (-768 -5120 832 ) (-512 -5120 832 ) (-512 -5120 888 ) 
4 23 43 (-768 -5120 896 ) (-768 -5120 888 ) (-512 -5120 888 ) (-512 -5120 896 ) 
4 23 42 (-512 -5120 2048 ) (-768 -5120 2048 ) (-768 -5120 896 ) (-512 -5120 896 ) 
4 23 35 (-384 -5120 192 ) (-384 -5120 696 ) (-512 -5120 696 ) (-512 -5120 192 ) 
4 23 34 (-384 -5120 696 ) (-384 -5120 2048 ) (-512 -5120 2048 ) (-512 -5120 696 ) 
4 23 24 (-768 -5120 832 ) (-768 -5120 2048 ) (-768 -5088 2048 ) (-768 -5088 832 ) 
4 24 172 (-1024 -5120 832 ) (-1024 -5120 2048 ) (-1024 -4992 2048 ) (-1024 -4992 832 ) 
4 24 48 (-1024 -5120 888 ) (-1024 -5120 832 ) (-960 -5120 832 ) (-960 -5120 888 ) 
4 24 47 (-960 -5120 832 ) (-768 -5120 832 ) (-768 -5120 888 ) (-960 -5120 888 ) 
4 24 43 (-1024 -5120 896 ) (-1024 -5120 888 ) (-768 -5120 888 ) (-768 -5120 896 ) 
4 24 42 (-1024 -5120 2048 ) (-1024 -5120 896 ) (-768 -5120 896 ) (-768 -5120 2048 ) 
4 25 174 (-1024 -4992 632 ) (-1024 -4992 576 ) (-1024 -5112 576 ) (-1024 -5112 632 ) 
4 25 173 (-1024 -4992 640 ) (-1024 -4992 632 ) (-1024 -5112 632 ) (-1024 -5112 640 ) 
4 25 172 (-1024 -5112 704 ) (-1024 -4992 704 ) (-1024 -4992 640 ) (-1024 -5112 640 ) 
4 26 74 (0 -6144 2048 ) (0 -6144 1888 ) (448 -6144 1888 ) (448 -6144 2048 ) 
3 26 56 (0 -5760 1376 ) (0 -5760 1120 ) (0 -5824 1248 ) 
5 26 55 (0 -6144 1888 ) (0 -6144 2048 ) (0 -5760 2048 ) (0 -5760 1376 ) (0 -5824 1248 ) 
4 26 40 (0 -5504 704 ) (0 -5504 640 ) (0 -5520 640 ) (0 -5552 704 ) 
5 26 39 (0 -5760 2048 ) (0 -5504 2048 ) (0 -5504 704 ) (0 -5552 704 ) (0 -5760 1120 ) 
4 26 36 (0 -5504 2048 ) (0 -5248 2048 ) (0 -5248 640 ) (0 -5504 640 ) 
4 26 34 (0 -5248 2048 ) (0 -5120 2048 ) (0 -5120 696 ) (0 -5248 696 ) 
4 26 29 (0 -5504 640 ) (0 -5120 640 ) (448 -5120 640 ) (448 -5504 640 ) 
4 26 28 (448 -5552 704 ) (448 -5824 1248 ) (0 -5824 1248 ) (0 -5552 704 ) 
4 26 27 (448 -5824 1248 ) (448 -6144 1888 ) (0 -6144 1888 ) (0 -5824 1248 ) 
4 27 74 (0 -6144 1888 ) (0 -6144 640 ) (448 -6144 640 ) (448 -6144 1888 ) 
4 27 55 (0 -6144 640 ) (0 -6144 1888 ) (0 -5824 1248 ) (0 -6128 640 ) 
4 27 28 (0 -5824 1248 ) (448 -5824 1248 ) (448 -6096 704 ) (0 -6096 704 ) 
4 28 56 (0 -5824 1248 ) (0 -5760 1120 ) (0 -5760 704 ) (0 -6096 704 ) 
3 28 39 (0 -5760 1120 ) (0 -5552 704 ) (0 -5760 704 ) 
4 29 36 (0 -5504 640 ) (0 -5248 640 ) (0 -5248 576 ) (0 -5504 576 ) 
4 30 75 (184 -6144 248 ) (184 -6144 128 ) (312 -6144 128 ) (312 -6144 248 ) 
4 30 31 (184 -5816 248 ) (184 -5816 128 ) (184 -5880 128 ) (184 -5880 248 ) 
4 31 63 (0 -5816 248 ) (0 -5816 128 ) (0 -5880 128 ) (0 -5880 248 ) 
4 31 32 (0 -5880 128 ) (16 -5880 128 ) (16 -5880 248 ) (0 -5880 248 ) 
4 32 63 (0 -5880 248 ) (0 -5880 128 ) (0 -6104 128 ) (0 -6104 248 ) 
4 32 33 (0 -6104 128 ) (16 -6104 128 ) (16 -6104 248 ) (0 -6104 248 ) 
4 33 63 (0 -6104 248 ) (0 -6104 128 ) (0 -6128 128 ) (0 -6128 248 ) 
4 33 62 (0 -6128 256 ) (0 -6104 256 ) (0 -6104 248 ) (0 -6128 248 ) 
4 34 46 (-512 -5120 832 ) (-512 -5120 696 ) (-512 -5248 696 ) (-512 -5248 832 ) 
4 34 45 (-512 -5120 888 ) (-512 -5120 832 ) (-512 -5248 832 ) (-512 -5248 888 ) 
4 34 44 (-512 -5232 888 ) (-512 -5248 888 ) (-512 -5248 896 ) (-512 -5232 896 ) 
4 34 43 (-512 -5120 896 ) (-512 -5120 888 ) (-512 -5232 888 ) (-512 -5232 896 ) 
4 34 42 (-512 -5120 2048 ) (-512 -5120 896 ) (-512 -5248 896 ) (-512 -5248 2048 ) 
4 34 36 (-512 -5248 2048 ) (-512 -5248 696 ) (0 -5248 696 ) (0 -5248 2048 ) 
4 34 35 (-320 -5248 696 ) (-512 -5248 696 ) (-512 -5120 696 ) (-320 -5120 696 ) 
4 35 46 (-512 -5120 696 ) (-512 -5120 192 ) (-512 -5248 192 ) (-512 -5248 696 ) 
4 35 38 (-512 -5248 576 ) (-512 -5248 192 ) (-320 -5248 192 ) (-320 -5248 576 ) 
4 35 36 (-512 -5248 696 ) (-512 -5248 576 ) (-320 -5248 576 ) (-320 -5248 696 ) 
4 36 46 (-512 -5376 832 ) (-512 -5248 832 ) (-512 -5248 576 ) (-512 -5376 576 ) 
4 36 45 (-512 -5504 832 ) (-512 -5504 888 ) (-512 -5248 888 ) (-512 -5248 832 ) 
4 36 44 (-512 -5504 888 ) (-512 -5504 896 ) (-512 -5248 896 ) (-512 -5248 888 ) 
4 36 42 (-512 -5504 896 ) (-512 -5504 2048 ) (-512 -5248 2048 ) (-512 -5248 896 ) 
4 36 41 (-512 -5504 2048 ) (-512 -5504 576 ) (-128 -5504 576 ) (-128 -5504 2048 ) 
4 36 40 (0 -5504 640 ) (0 -5504 704 ) (-128 -5504 704 ) (-128 -5504 640 ) 
4 36 39 (0 -5504 704 ) (0 -5504 2048 ) (-128 -5504 2048 ) (-128 -5504 704 ) 
4 36 38 (-16 -5504 576 ) (-512 -5504 576 ) (-512 -5248 576 ) (-16 -5248 576 ) 
4 37 49 (0 -5312 192 ) (0 -5504 192 ) (-16 -5504 192 ) (-16 -5312 192 ) 
4 37 38 (-16 -5504 192 ) (-16 -5504 568 ) (-16 -5248 568 ) (-16 -5248 192 ) 
4 38 53 (-512 -5504 192 ) (-512 -5376 192 ) (-384 -5376 192 ) (-384 -5504 192 ) 
4 38 50 (-128 -5376 192 ) (-128 -5504 192 ) (-384 -5504 192 ) (-384 -5376 192 ) 
4 38 49 (-16 -5312 192 ) (-16 -5504 192 ) (-128 -5504 192 ) (-128 -5312 192 ) 
4 38 46 (-512 -5248 192 ) (-512 -5376 192 ) (-512 -5376 576 ) (-512 -5248 576 ) 
4 38 41 (-512 -5504 576 ) (-512 -5504 192 ) (-128 -5504 192 ) (-128 -5504 576 ) 
4 39 56 (0 -5760 704 ) (0 -5760 1376 ) (-128 -5760 1376 ) (-128 -5760 704 ) 
4 39 55 (0 -5760 1376 ) (0 -5760 2048 ) (-128 -5760 2048 ) (-128 -5760 1376 ) 
4 39 41 (-128 -5504 2048 ) (-128 -5504 704 ) (-128 -5760 704 ) (-128 -5760 2048 ) 
4 39 40 (-128 -5552 704 ) (-128 -5504 704 ) (0 -5504 704 ) (0 -5552 704 ) 
4 40 41 (-128 -5504 704 ) (-128 -5504 640 ) (-128 -5520 640 ) (-128 -5552 704 ) 
4 41 70 (-512 -5760 2048 ) (-512 -5760 832 ) (-448 -5760 832 ) (-448 -5760 2048 ) 
4 41 69 (-448 -5760 192 ) (-384 -5760 192 ) (-384 -5760 256 ) (-448 -5760 256 ) 
4 41 67 (-384 -5760 192 ) (-160 -5760 192 ) (-160 -5760 256 ) (-384 -5760 256 ) 
4 41 61 (-384 -5760 824 ) (-448 -5760 824 ) (-448 -5760 256 ) (-384 -5760 256 ) 
4 41 60 (-160 -5760 824 ) (-384 -5760 824 ) (-384 -5760 256 ) (-160 -5760 256 ) 
4 41 58 (-128 -5760 640 ) (-128 -5760 824 ) (-160 -5760 824 ) (-160 -5760 640 ) 
4 41 57 (-128 -5760 824 ) (-128 -5760 2048 ) (-448 -5760 2048 ) (-448 -5760 824 ) 
4 41 54 (-384 -5760 192 ) (-512 -5760 192 ) (-512 -5632 192 ) (-384 -5632 192 ) 
4 41 53 (-512 -5632 192 ) (-512 -5504 192 ) (-384 -5504 192 ) (-384 -5632 192 ) 
4 41 51 (-128 -5760 192 ) (-384 -5760 192 ) (-384 -5504 192 ) (-128 -5504 192 ) 
4 41 45 (-512 -5760 832 ) (-512 -5760 888 ) (-512 -5504 888 ) (-512 -5504 832 ) 
4 41 44 (-512 -5760 888 ) (-512 -5760 896 ) (-512 -5504 896 ) (-512 -5504 888 ) 
4 41 42 (-512 -5760 896 ) (-512 -5760 2048 ) (-512 -5504 2048 ) (-512 -5504 896 ) 
4 42 317 (-1024 -5232 896 ) (-1024 -5632 896 ) (-1024 -5632 1016 ) (-1024 -5232 1016 ) 
4 42 316 (-1024 -5120 1016 ) (-1024 -5120 896 ) (-1024 -5232 896 ) (-1024 -5232 1016 ) 
4 42 314 (-1024 -5120 1024 ) (-1024 -5120 1016 ) (-1024 -5632 1016 ) (-1024 -5632 1024 ) 
4 42 313 (-1024 -5632 2048 ) (-1024 -5120 2048 ) (-1024 -5120 1024 ) (-1024 -5632 1024 ) 
4 42 73 (-1024 -5760 2048 ) (-1024 -5760 896 ) (-768 -5760 896 ) (-768 -5760 2048 ) 
4 42 70 (-768 -5760 896 ) (-512 -5760 896 ) (-512 -5760 2048 ) (-768 -5760 2048 ) 
4 42 44 (-512 -5232 896 ) (-512 -5760 896 ) (-752 -5760 896 ) (-752 -5232 896 ) 
4 42 43 (-1024 -5120 896 ) (-512 -5120 896 ) (-512 -5232 896 ) (-1024 -5232 896 ) 
4 43 316 (-1024 -5232 896 ) (-1024 -5120 896 ) (-1024 -5120 888 ) (-1024 -5232 888 ) 
4 43 48 (-960 -5232 888 ) (-1024 -5232 888 ) (-1024 -5120 888 ) (-960 -5120 888 ) 
4 43 47 (-768 -5232 888 ) (-960 -5232 888 ) (-960 -5120 888 ) (-768 -5120 888 ) 
4 43 45 (-512 -5120 888 ) (-512 -5232 888 ) (-768 -5232 888 ) (-768 -5120 888 ) 
4 43 44 (-752 -5232 888 ) (-512 -5232 888 ) (-512 -5232 896 ) (-752 -5232 896 ) 
4 44 70 (-752 -5760 888 ) (-512 -5760 888 ) (-512 -5760 896 ) (-752 -5760 896 ) 
4 44 45 (-512 -5232 888 ) (-512 -5760 888 ) (-752 -5760 888 ) (-752 -5232 888 ) 
4 45 70 (-512 -5760 832 ) (-512 -5760 888 ) (-768 -5760 888 ) (-768 -5760 832 ) 
4 45 47 (-768 -5248 888 ) (-768 -5120 888 ) (-768 -5120 832 ) (-768 -5248 832 ) 
4 45 46 (-768 -5376 832 ) (-768 -5120 832 ) (-512 -5120 832 ) (-512 -5376 832 ) 
4 46 47 (-768 -5120 192 ) (-768 -5248 192 ) (-768 -5248 832 ) (-768 -5120 832 ) 
4 47 48 (-960 -5248 320 ) (-960 -5248 888 ) (-960 -5120 888 ) (-960 -5120 320 ) 
4 48 321 (-1024 -5120 632 ) (-1024 -5120 320 ) (-1024 -5248 320 ) (-1024 -5248 632 ) 
4 48 319 (-1024 -5248 888 ) (-1024 -5120 888 ) (-1024 -5120 632 ) (-1024 -5248 632 ) 
4 49 52 (0 -5408 128 ) (0 -5504 128 ) (-128 -5504 128 ) (-128 -5408 128 ) 
5 49 50 (-128 -5408 128 ) (-128 -5504 128 ) (-128 -5504 192 ) (-128 -5376 192 ) (-128 -5376 149.333328 ) 
4 50 53 (-384 -5504 192 ) (-384 -5376 192 ) (-384 -5376 128 ) (-384 -5504 128 ) 
4 50 52 (-384 -5504 128 ) (-384 -5376 128 ) (-128 -5376 128 ) (-128 -5504 128 ) 
4 50 51 (-384 -5504 192 ) (-384 -5504 128 ) (-128 -5504 128 ) (-128 -5504 192 ) 
4 51 67 (-160 -5760 192 ) (-384 -5760 192 ) (-384 -5760 128 ) (-160 -5760 128 ) 
4 51 54 (-384 -5760 128 ) (-384 -5760 192 ) (-384 -5632 192 ) (-384 -5632 128 ) 
4 51 53 (-384 -5632 192 ) (-384 -5504 192 ) (-384 -5504 128 ) (-384 -5632 128 ) 
4 53 54 (-512 -5632 192 ) (-512 -5632 128 ) (-384 -5632 128 ) (-384 -5632 192 ) 
4 54 69 (-384 -5760 128 ) (-384 -5760 192 ) (-448 -5760 192 ) (-448 -5760 128 ) 
4 55 77 (0 -6144 640 ) (0 -6144 832 ) (-128 -6144 832 ) (-128 -6144 640 ) 
4 55 76 (0 -6144 832 ) (0 -6144 2048 ) (-128 -6144 2048 ) (-128 -6144 832 ) 
4 55 59 (-128 -6036 824 ) (-128 -6128 640 ) (-128 -6144 640 ) (-128 -6144 824 ) 
5 55 57 (-128 -5760 2048 ) (-128 -5760 1376 ) (-128 -6036 824 ) (-128 -6144 824 ) (-128 -6144 2048 ) 
4 55 56 (-128 -6096 704 ) (-128 -5760 1376.001953 ) (0 -5760 1376.001953 ) (0 -6096 704 ) 
4 56 58 (-128 -5760 824 ) (-128 -5760 704 ) (-128 -5888 704 ) (-128 -5888 824 ) 
4 56 59 (-128 -5888 704 ) (-128 -6096 704 ) (-128 -6036 824 ) (-128 -5888 824 ) 
3 56 57 (-128 -5760 1376 ) (-128 -5760 824 ) (-128 -6036 824 ) 
4 57 77 (-448 -6144 832 ) (-448 -6144 824 ) (-128 -6144 824 ) (-128 -6144 832 ) 
4 57 76 (-448 -6144 2048 ) (-448 -6144 832 ) (-128 -6144 832 ) (-128 -6144 2048 ) 
4 57 70 (-448 -5760 2048 ) (-448 -5760 832 ) (-448 -6144 832 ) (-448 -6144 2048 ) 
4 57 61 (-448 -5952 824 ) (-448 -5760 824 ) (-384 -5760 824 ) (-384 -5952 824 ) 
4 57 60 (-384 -5760 824 ) (-160 -5760 824 ) (-160 -6144 824 ) (-384 -6144 824 ) 
4 57 58 (-160 -5760 824 ) (-128 -5760 824 ) (-128 -5888 824 ) (-160 -5888 824 ) 
4 57 59 (-128 -5888 824 ) (-128 -6144 824 ) (-160 -6144 824 ) (-160 -5888 824 ) 
4 58 60 (-160 -5888 640 ) (-160 -5888 824 ) (-160 -5760 824 ) (-160 -5760 640 ) 
4 58 59 (-160 -5888 824 ) (-160 -5888 640 ) (-128 -5888 640 ) (-128 -5888 824 ) 
4 59 77 (-160 -6144 256 ) (-128 -6144 256 ) (-128 -6144 824 ) (-160 -6144 824 ) 
4 59 68 (-128 -6144 256 ) (-160 -6144 256 ) (-160 -5888 256 ) (-128 -5888 256 ) 
4 59 60 (-160 -5888 256 ) (-160 -6144 256 ) (-160 -6144 824 ) (-160 -5888 824 ) 
4 60 77 (-384 -6144 256 ) (-160 -6144 256 ) (-160 -6144 824 ) (-384 -6144 824 ) 
4 60 68 (-160 -6144 256 ) (-384 -6144 256 ) (-384 -5888 256 ) (-160 -5888 256 ) 
4 60 67 (-384 -5888 256 ) (-384 -5760 256 ) (-160 -5760 256 ) (-160 -5888 256 ) 
4 60 61 (-384 -5760 256 ) (-384 -5952 256 ) (-384 -5952 824 ) (-384 -5760 824 ) 
4 61 69 (-448 -5952 256 ) (-448 -5760 256 ) (-384 -5760 256 ) (-384 -5952 256 ) 
4 62 64 (-64 -6128 248 ) (-112 -6128 248 ) (-112 -6104 248 ) (-64 -6104 248 ) 
4 62 63 (0 -6128 248 ) (-64 -6128 248 ) (-64 -6104 248 ) (0 -6104 248 ) 
4 63 65 (-64 -6128 128 ) (-40 -6128 128 ) (-40 -6128 240 ) (-64 -6128 240 ) 
4 63 64 (-64 -6040 128 ) (-64 -6128 128 ) (-64 -6128 248 ) (-64 -6040 248 ) 
4 64 65 (-96 -6128 128 ) (-64 -6128 128 ) (-64 -6128 240 ) (-96 -6128 240 ) 
4 65 66 (-92 -6136 236 ) (-92 -6136 128 ) (-44 -6136 128 ) (-44 -6136 236 ) 
4 66 77 (-92 -6144 128 ) (-44 -6144 128 ) (-44 -6144 236 ) (-92 -6144 236 ) 
4 67 69 (-384 -5760 128 ) (-384 -5888 128 ) (-384 -5888 256 ) (-384 -5760 256 ) 
4 67 68 (-384 -5888 256 ) (-384 -5888 128 ) (-160 -5888 128 ) (-160 -5888 256 ) 
4 68 77 (-384 -6144 128 ) (-128 -6144 128 ) (-128 -6144 256 ) (-384 -6144 256 ) 
4 68 69 (-384 -5888 128 ) (-384 -5952 128 ) (-384 -5952 256 ) (-384 -5888 256 ) 
4 69 72 (-448 -5776 128 ) (-448 -5832 128 ) (-448 -5832 240 ) (-448 -5776 240 ) 
4 70 76 (-448 -6144 832 ) (-448 -6144 2048 ) (-768 -6144 2048 ) (-768 -6144 832 ) 
4 70 73 (-768 -5760 2048 ) (-768 -5760 896 ) (-768 -6144 896 ) (-768 -6144 2048 ) 
4 71 72 (-464 -5776 240 ) (-464 -5832 240 ) (-576 -5832 240 ) (-576 -5776 240 ) 
4 73 78 (-1024 -6144 2048 ) (-1024 -6144 896 ) (-768 -6144 896 ) (-768 -6144 2048 ) 
4 74 79 (0 -6528 768 ) (0 -6528 2048 ) (0 -6400 2048 ) (0 -6400 768 ) 
4 74 77 (0 -6144 832 ) (0 -6144 640 ) (0 -6400 640 ) (0 -6400 832 ) 
4 74 76 (0 -6144 2048 ) (0 -6144 832 ) (0 -6400 832 ) (0 -6400 2048 ) 
4 76 83 (-256 -6400 2048 ) (-768 -6400 2048 ) (-768 -6400 832 ) (-256 -6400 832 ) 
4 76 81 (-128 -6400 2048 ) (-256 -6400 2048 ) (-256 -6400 832 ) (-128 -6400 832 ) 
4 76 79 (0 -6400 832 ) (0 -6400 2048 ) (-128 -6400 2048 ) (-128 -6400 832 ) 
4 76 78 (-768 -6144 2048 ) (-768 -6144 896 ) (-768 -6400 896 ) (-768 -6400 2048 ) 
4 76 77 (0 -6400 832 ) (-448 -6400 832 ) (-448 -6144 832 ) (0 -6144 832 ) 
4 77 83 (-256 -6400 768 ) (-256 -6400 832 ) (-448 -6400 832 ) (-448 -6400 768 ) 
4 77 81 (-256 -6400 128 ) (-128 -6400 128 ) (-128 -6400 832 ) (-256 -6400 832 ) 
4 77 80 (-128 -6400 128 ) (0 -6400 128 ) (0 -6400 288 ) (-128 -6400 288 ) 
4 77 79 (0 -6400 768 ) (0 -6400 832 ) (-128 -6400 832 ) (-128 -6400 768 ) 
4 78 83 (-1024 -6400 2048 ) (-1024 -6400 896 ) (-768 -6400 896 ) (-768 -6400 2048 ) 
4 79 82 (-128 -6432 768 ) (-128 -6592 768 ) (-128 -6592 2048 ) (-128 -6432 2048 ) 
4 79 81 (-128 -6400 2048 ) (-128 -6400 768 ) (-128 -6432 768 ) (-128 -6432 2048 ) 
4 80 81 (-128 -6400 288 ) (-128 -6400 128 ) (-128 -6432 128 ) (-128 -6432 288 ) 
4 81 83 (-256 -6400 2048 ) (-256 -6400 768 ) (-256 -6432 768 ) (-256 -6432 2048 ) 
4 81 82 (-128 -6432 768 ) (-128 -6432 2048 ) (-256 -6432 2048 ) (-256 -6432 768 ) 
4 82 83 (-256 -6592 768 ) (-256 -6592 2048 ) (-256 -6432 2048 ) (-256 -6432 768 ) 
4 85 88 (-3548 -2752 64 ) (-3492 -2752 64 ) (-3492 -2752 172 ) (-3548 -2752 172 ) 
4 86 87 (-3196 -2816 128 ) (-3140 -2816 128 ) (-3140 -2816 236 ) (-3196 -2816 236 ) 
4 87 91 (-3072 -2880 128 ) (-3072 -2880 2048 ) (-3328 -2880 2048 ) (-3328 -2880 128 ) 
4 88 90 (-3456 -2816 -8 ) (-3456 -2816 2048 ) (-3840 -2816 2048 ) (-3840 -2816 -8 ) 
4 88 89 (-3840 -2752 2048 ) (-3840 -2752 832 ) (-3840 -2816 832 ) (-3840 -2816 2048 ) 
4 89 95 (-4096 -2816 832 ) (-4096 -2816 2048 ) (-4096 -2752 2048 ) (-4096 -2752 832 ) 
4 89 90 (-4096 -2816 2048 ) (-4096 -2816 832 ) (-3840 -2816 832 ) (-3840 -2816 2048 ) 
4 90 96 (-4096 -2880 768 ) (-4096 -2880 832 ) (-4096 -2816 832 ) (-4096 -2816 768 ) 
4 90 95 (-4096 -2880 832 ) (-4096 -2880 2048 ) (-4096 -2816 2048 ) (-4096 -2816 832 ) 
4 90 94 (-3584 -2880 0 ) (-4096 -2880 0 ) (-4096 -2880 -8 ) (-3584 -2880 -8 ) 
4 90 92 (-3456 -2880 0 ) (-3456 -2880 128 ) (-4096 -2880 128 ) (-4096 -2880 0 ) 
4 90 91 (-3456 -2880 128 ) (-3456 -2880 2048 ) (-4096 -2880 2048 ) (-4096 -2880 128 ) 
4 91 190 (-3072 -3072 128 ) (-3072 -3072 2048 ) (-4096 -3072 2048 ) (-4096 -3072 128 ) 
4 91 98 (-4096 -3072 128 ) (-4096 -3072 2048 ) (-4096 -2880 2048 ) (-4096 -2880 128 ) 
4 91 93 (-3456 -3072 128 ) (-4096 -3072 128 ) (-4096 -2944 128 ) (-3456 -2944 128 ) 
4 91 92 (-4096 -2944 128 ) (-4096 -2880 128 ) (-3360 -2880 128 ) (-3360 -2944 128 ) 
4 92 98 (-4096 -2944 128 ) (-4096 -2880 128 ) (-4096 -2880 0 ) (-4096 -2944 0 ) 
4 92 94 (-4096 -2944 0 ) (-4096 -2880 0 ) (-3584 -2880 0 ) (-3584 -2944 0 ) 
4 92 93 (-4096 -2944 0 ) (-3456 -2944 0 ) (-3456 -2944 128 ) (-4096 -2944 128 ) 
4 93 204 (-3584 -3072 128 ) (-4096 -3072 128 ) (-4096 -3072 0 ) (-3584 -3072 0 ) 
4 93 98 (-4096 -3072 0 ) (-4096 -3072 128 ) (-4096 -2944 128 ) (-4096 -2944 0 ) 
4 93 94 (-4096 -3072 0 ) (-4096 -2944 0 ) (-3584 -2944 0 ) (-3584 -3072 0 ) 
4 94 211 (-3840 -3072 0 ) (-4096 -3072 0 ) (-4096 -3072 -8 ) (-3840 -3072 -8 ) 
4 94 210 (-3584 -3072 -8 ) (-3584 -3072 0 ) (-3840 -3072 0 ) (-3840 -3072 -8 ) 
4 94 98 (-4096 -3072 -8 ) (-4096 -3072 0 ) (-4096 -2880 0 ) (-4096 -2880 -8 ) 
4 95 98 (-4224 -2880 2048 ) (-4224 -2880 832 ) (-4096 -2880 832 ) (-4096 -2880 2048 ) 
4 95 96 (-4096 -2880 832 ) (-4224 -2880 832 ) (-4224 -2816 832 ) (-4096 -2816 832 ) 
4 96 98 (-4224 -2880 832 ) (-4224 -2880 768 ) (-4096 -2880 768 ) (-4096 -2880 832 ) 
4 97 98 (-4188 -2880 -8 ) (-4132 -2880 -8 ) (-4132 -2880 108 ) (-4188 -2880 108 ) 
4 98 288 (-4096 -3072 -8 ) (-4096 -3072 128 ) (-4224 -3072 128 ) (-4224 -3072 -8 ) 
4 98 286 (-4096 -3072 128 ) (-4096 -3072 184 ) (-4224 -3072 184 ) (-4224 -3072 128 ) 
4 98 285 (-4096 -3072 184 ) (-4096 -3072 192 ) (-4224 -3072 192 ) (-4224 -3072 184 ) 
4 98 284 (-4096 -3072 192 ) (-4096 -3072 2048 ) (-4224 -3072 2048 ) (-4224 -3072 192 ) 
4 98 101 (-4224 -3072 -8 ) (-4224 -3072 184 ) (-4224 -2944 184 ) (-4224 -2944 -8 ) 
4 98 99 (-4224 -3072 184 ) (-4224 -3072 2048 ) (-4224 -2944 2048 ) (-4224 -2944 184 ) 
4 99 285 (-4224 -3072 184 ) (-4224 -3072 192 ) (-4792 -3072 192 ) (-4792 -3072 184 ) 
4 99 284 (-4224 -3072 192 ) (-4224 -3072 2048 ) (-4792 -3072 2048 ) (-4792 -3072 192 ) 
4 99 101 (-4792 -2944 184 ) (-4224 -2944 184 ) (-4224 -3072 184 ) (-4792 -3072 184 ) 
4 99 100 (-4792 -3072 192 ) (-4792 -3072 2048 ) (-4792 -2944 2048 ) (-4792 -2944 192 ) 
4 100 284 (-4792 -3072 2048 ) (-4992 -3072 2048 ) (-4992 -3072 192 ) (-4792 -3072 192 ) 
4 100 102 (-4992 -2944 2048 ) (-4992 -2944 640 ) (-4992 -3072 640 ) (-4992 -3072 2048 ) 
4 101 288 (-4224 -3072 -8 ) (-4224 -3072 128 ) (-4352 -3072 128 ) (-4352 -3072 -8 ) 
4 101 289 (-4352 -3072 128 ) (-4800 -3072 128 ) (-4800 -3072 -8 ) (-4352 -3072 -8 ) 
4 101 286 (-4224 -3072 128 ) (-4224 -3072 184 ) (-4800 -3072 184 ) (-4800 -3072 128 ) 
4 102 287 (-4992 -3072 640 ) (-4992 -3072 2048 ) (-5120 -3072 2048 ) (-5120 -3072 640 ) 
4 102 103 (-5120 -3072 640 ) (-5120 -3072 2048 ) (-5120 -2944 2048 ) (-5120 -2944 640 ) 
4 103 296 (-5120 -3072 640 ) (-5120 -3072 2048 ) (-5160 -3072 2048 ) (-5160 -3072 640 ) 
4 104 168 (-1920 -4096 2048 ) (-2048 -4096 2048 ) (-2048 -4096 864 ) (-1920 -4096 864 ) 
4 104 166 (-1792 -4096 2048 ) (-1920 -4096 2048 ) (-1920 -4096 864 ) (-1792 -4096 864 ) 
4 104 164 (-1664 -4096 2048 ) (-1792 -4096 2048 ) (-1792 -4096 864 ) (-1664 -4096 864 ) 
4 104 162 (-1536 -4096 2048 ) (-1664 -4096 2048 ) (-1664 -4096 864 ) (-1536 -4096 864 ) 
4 104 148 (-1408 -4096 2048 ) (-1536 -4096 2048 ) (-1536 -4096 864 ) (-1408 -4096 864 ) 
4 104 142 (-1024 -4096 864 ) (-1024 -4096 2048 ) (-1408 -4096 2048 ) (-1408 -4096 864 ) 
4 104 125 (-2048 -4096 864 ) (-2048 -4096 960 ) (-2048 -3568 960 ) (-2048 -3568 864 ) 
4 104 117 (-2048 -3568 2048 ) (-2048 -3072 2048 ) (-2048 -3072 1088 ) (-2048 -3568 1088 ) 
4 104 118 (-2048 -4096 960 ) (-2048 -4096 2048 ) (-2048 -3568 2048 ) (-2048 -3568 960 ) 
4 104 106 (-2048 -4096 864 ) (-2048 -3520 864 ) (-1152 -3520 864 ) (-1152 -4096 864 ) 
4 104 105 (-1152 -3072 864 ) (-1024 -3072 864 ) (-1024 -4096 864 ) (-1152 -4096 864 ) 
4 105 142 (-1024 -4096 856 ) (-1024 -4096 864 ) (-1152 -4096 864 ) (-1152 -4096 856 ) 
4 105 107 (-1024 -4096 704 ) (-1152 -4096 704 ) (-1152 -3584 704 ) (-1024 -3584 704 ) 
4 105 106 (-1152 -3520 704 ) (-1152 -4096 704 ) (-1152 -4096 864 ) (-1152 -3520 864 ) 
4 106 170 (-2048 -4096 768 ) (-2048 -4096 704 ) (-1920 -4096 704 ) (-1920 -4096 768 ) 
4 106 168 (-1920 -4096 864 ) (-2048 -4096 864 ) (-2048 -4096 768 ) (-1920 -4096 768 ) 
4 106 166 (-1792 -4096 864 ) (-1920 -4096 864 ) (-1920 -4096 856 ) (-1792 -4096 856 ) 
4 106 164 (-1664 -4096 864 ) (-1792 -4096 864 ) (-1792 -4096 856 ) (-1664 -4096 856 ) 
4 106 162 (-1536 -4096 864 ) (-1664 -4096 864 ) (-1664 -4096 856 ) (-1536 -4096 856 ) 
4 106 150 (-1536 -4096 856 ) (-1536 -4096 704 ) (-1408 -4096 704 ) (-1408 -4096 856 ) 
4 106 148 (-1408 -4096 864 ) (-1536 -4096 864 ) (-1536 -4096 856 ) (-1408 -4096 856 ) 
4 106 142 (-1152 -4096 864 ) (-1408 -4096 864 ) (-1408 -4096 856 ) (-1152 -4096 856 ) 
4 106 125 (-2048 -4096 704 ) (-2048 -4096 864 ) (-2048 -3568 864 ) (-2048 -3568 704 ) 
4 106 108 (-1152 -4096 704 ) (-2048 -4096 704 ) (-2048 -3520 704 ) (-1152 -3520 704 ) 
4 107 109 (-1024 -3584 448 ) (-1024 -4096 448 ) (-1152 -4096 448 ) (-1152 -3584 448 ) 
4 107 108 (-1152 -3584 448 ) (-1152 -4096 448 ) (-1152 -4096 704 ) (-1152 -3584 704 ) 
4 108 170 (-1920 -4096 704 ) (-2048 -4096 704 ) (-2048 -4096 448 ) (-1920 -4096 448 ) 
4 108 157 (-1536 -4096 512 ) (-1536 -4096 448 ) (-1408 -4096 448 ) (-1408 -4096 512 ) 
4 108 155 (-1536 -4096 576 ) (-1536 -4096 512 ) (-1408 -4096 512 ) (-1408 -4096 576 ) 
4 108 152 (-1408 -4096 704 ) (-1536 -4096 704 ) (-1536 -4096 576 ) (-1408 -4096 576 ) 
4 108 141 (-2048 -4096 448 ) (-2048 -4096 576 ) (-2048 -3968 576 ) (-2048 -3968 448 ) 
4 108 140 (-2048 -3968 576 ) (-2048 -3712 576 ) (-2048 -3712 448 ) (-2048 -3968 448 ) 
4 108 139 (-2048 -3712 576 ) (-2048 -3584 576 ) (-2048 -3584 448 ) (-2048 -3712 448 ) 
4 108 136 (-2048 -4096 576 ) (-2048 -4096 704 ) (-2048 -3584 704 ) (-2048 -3584 576 ) 
4 108 112 (-2048 -4096 448 ) (-2048 -3520 448 ) (-1664 -3520 448 ) (-1664 -4096 448 ) 
4 108 111 (-1664 -3520 448 ) (-1536 -3520 448 ) (-1536 -4096 448 ) (-1664 -4096 448 ) 
4 108 110 (-1536 -3520 448 ) (-1152 -3520 448 ) (-1152 -4096 448 ) (-1536 -4096 448 ) 
4 109 113 (-1152 -3968 320 ) (-1152 -3712 320 ) (-1024 -3712 320 ) (-1024 -3968 320 ) 
4 109 110 (-1152 -3584 320 ) (-1152 -4096 320 ) (-1152 -4096 448 ) (-1152 -3584 448 ) 
4 110 157 (-1408 -4096 448 ) (-1536 -4096 448 ) (-1536 -4096 320 ) (-1408 -4096 320 ) 
4 110 116 (-1536 -3968 320 ) (-1536 -3712 320 ) (-1408 -3712 320 ) (-1408 -3968 320 ) 
4 110 115 (-1408 -3968 320 ) (-1408 -3840 320 ) (-1280 -3840 320 ) (-1280 -3968 320 ) 
4 110 114 (-1408 -3840 320 ) (-1408 -3712 320 ) (-1280 -3712 320 ) (-1280 -3840 320 ) 
4 110 113 (-1280 -3968 320 ) (-1280 -3712 320 ) (-1152 -3712 320 ) (-1152 -3968 320 ) 
4 110 111 (-1536 -3520 320 ) (-1536 -4096 320 ) (-1536 -4096 448 ) (-1536 -3520 448 ) 
4 111 116 (-1664 -3968 320 ) (-1664 -3712 320 ) (-1536 -3712 320 ) (-1536 -3968 320 ) 
4 111 112 (-1664 -3520 320 ) (-1664 -4096 320 ) (-1664 -4096 448 ) (-1664 -3520 448 ) 
4 112 170 (-1920 -4096 448 ) (-2048 -4096 448 ) (-2048 -4096 320 ) (-1920 -4096 320 ) 
4 112 141 (-2048 -4096 320 ) (-2048 -4096 448 ) (-2048 -3968 448 ) (-2048 -3968 320 ) 
4 112 140 (-2048 -3968 448 ) (-2048 -3712 448 ) (-2048 -3712 320 ) (-2048 -3968 320 ) 
4 112 139 (-2048 -3712 448 ) (-2048 -3584 448 ) (-2048 -3584 320 ) (-2048 -3712 320 ) 
4 112 116 (-2048 -3968 320 ) (-2048 -3712 320 ) (-1664 -3712 320 ) (-1664 -3968 320 ) 
4 113 115 (-1280 -3840 316 ) (-1280 -3968 316 ) (-1280 -3968 320 ) (-1280 -3840 320 ) 
4 113 114 (-1280 -3712 320 ) (-1280 -3712 316 ) (-1280 -3840 316 ) (-1280 -3840 320 ) 
4 114 116 (-1408 -3712 320 ) (-1408 -3712 316 ) (-1408 -3840 316 ) (-1408 -3840 320 ) 
4 114 115 (-1408 -3840 320 ) (-1408 -3840 316 ) (-1280 -3840 316 ) (-1280 -3840 320 ) 
4 115 116 (-1408 -3968 316 ) (-1408 -3968 320 ) (-1408 -3840 320 ) (-1408 -3840 316 ) 
4 116 140 (-2048 -3968 316 ) (-2048 -3968 320 ) (-2048 -3712 320 ) (-2048 -3712 316 ) 
4 117 119 (-2064 -3568 1088 ) (-2064 -3568 2048 ) (-2064 -3072 2048 ) (-2064 -3072 1088 ) 
4 117 118 (-2064 -3568 2048 ) (-2064 -3568 1088 ) (-2048 -3568 1088 ) (-2048 -3568 2048 ) 
4 118 176 (-2048 -4096 960 ) (-2048 -4096 2048 ) (-2064 -4096 2048 ) (-2064 -4096 960 ) 
4 118 125 (-2048 -3568 960 ) (-2048 -4096 960 ) (-2064 -4096 960 ) (-2064 -3568 960 ) 
4 118 119 (-2064 -3568 960 ) (-2064 -4096 960 ) (-2064 -4096 2048 ) (-2064 -3568 2048 ) 
4 119 176 (-2064 -4096 2048 ) (-2432 -4096 2048 ) (-2432 -4096 960 ) (-2064 -4096 960 ) 
4 119 127 (-2432 -3072 960 ) (-2304 -3072 960 ) (-2304 -3328 960 ) (-2432 -3328 960 ) 
4 119 128 (-2304 -3328 960 ) (-2304 -4096 960 ) (-2432 -4096 960 ) (-2432 -3328 960 ) 
4 119 126 (-2064 -3328 960 ) (-2064 -4096 960 ) (-2304 -4096 960 ) (-2304 -3328 960 ) 
4 119 120 (-2432 -3328 1088 ) (-2432 -3328 2048 ) (-2432 -3072 2048 ) (-2432 -3072 1088 ) 
4 119 121 (-2432 -3328 960 ) (-2432 -4096 960 ) (-2432 -4096 2048 ) (-2432 -3328 2048 ) 
4 120 121 (-2544 -3328 2048 ) (-2544 -3328 1088 ) (-2432 -3328 1088 ) (-2432 -3328 2048 ) 
4 120 122 (-2544 -3328 1088 ) (-2544 -3328 2048 ) (-2544 -3072 2048 ) (-2544 -3072 1088 ) 
4 121 176 (-2432 -4096 2048 ) (-2544 -4096 2048 ) (-2544 -4096 960 ) (-2432 -4096 960 ) 
4 121 129 (-2432 -3328 960 ) (-2432 -4096 960 ) (-2544 -4096 960 ) (-2544 -3328 960 ) 
4 121 122 (-2544 -3328 960 ) (-2544 -4096 960 ) (-2544 -4096 2048 ) (-2544 -3328 2048 ) 
4 122 176 (-2544 -4096 2048 ) (-2560 -4096 2048 ) (-2560 -4096 960 ) (-2544 -4096 960 ) 
4 122 130 (-2544 -3568 960 ) (-2544 -4096 960 ) (-2560 -4096 960 ) (-2560 -3568 960 ) 
4 122 123 (-2560 -3080 960 ) (-2560 -4096 960 ) (-2560 -4096 2048 ) (-2560 -3080 2048 ) 
4 123 183 (-2560 -4096 2048 ) (-2688 -4096 2048 ) (-2688 -4096 960 ) (-2560 -4096 960 ) 
4 123 184 (-2688 -4096 2048 ) (-3056 -4096 2048 ) (-3056 -4096 960 ) (-2688 -4096 960 ) 
4 123 132 (-2816 -4096 960 ) (-3056 -4096 960 ) (-3056 -3584 960 ) (-2816 -3584 960 ) 
4 123 131 (-2560 -3520 960 ) (-2560 -4096 960 ) (-2816 -4096 960 ) (-2816 -3520 960 ) 
4 123 124 (-3056 -3584 960 ) (-3056 -4096 960 ) (-3056 -4096 2048 ) (-3056 -3584 2048 ) 
4 124 227 (-3072 -4096 960 ) (-3072 -4096 2048 ) (-3072 -3840 2048 ) (-3072 -3840 960 ) 
4 124 216 (-3072 -3840 2048 ) (-3072 -3616 2048 ) (-3072 -3616 960 ) (-3072 -3840 960 ) 
4 124 213 (-3072 -3616 2048 ) (-3072 -3584 2048 ) (-3072 -3584 960 ) (-3072 -3616 960 ) 
4 124 184 (-3056 -4096 2048 ) (-3072 -4096 2048 ) (-3072 -4096 960 ) (-3056 -4096 960 ) 
4 124 132 (-3056 -3584 960 ) (-3056 -4096 960 ) (-3072 -4096 960 ) (-3072 -3584 960 ) 
4 125 176 (-2048 -4096 704 ) (-2048 -4096 960 ) (-2064 -4096 960 ) (-2064 -4096 704 ) 
4 125 136 (-2048 -4096 704 ) (-2064 -4096 704 ) (-2064 -3584 704 ) (-2048 -3584 704 ) 
4 125 126 (-2064 -3568 704 ) (-2064 -4096 704 ) (-2064 -4096 960 ) (-2064 -3568 960 ) 
4 126 176 (-2064 -4096 960 ) (-2304 -4096 960 ) (-2304 -4096 704 ) (-2064 -4096 704 ) 
4 126 136 (-2064 -4096 704 ) (-2304 -4096 704 ) (-2304 -3584 704 ) (-2064 -3584 704 ) 
4 126 128 (-2304 -3328 704 ) (-2304 -4096 704 ) (-2304 -4096 960 ) (-2304 -3328 960 ) 
4 127 128 (-2432 -3328 960 ) (-2432 -3328 832 ) (-2304 -3328 832 ) (-2304 -3328 960 ) 
4 128 176 (-2304 -4096 960 ) (-2432 -4096 960 ) (-2432 -4096 704 ) (-2304 -4096 704 ) 
4 128 133 (-2432 -3584 704 ) (-2432 -3328 704 ) (-2304 -3328 704 ) (-2304 -3584 704 ) 
4 128 136 (-2304 -4096 704 ) (-2432 -4096 704 ) (-2432 -3584 704 ) (-2304 -3584 704 ) 
4 128 129 (-2432 -3328 704 ) (-2432 -4096 704 ) (-2432 -4096 960 ) (-2432 -3328 960 ) 
4 129 176 (-2432 -4096 960 ) (-2544 -4096 960 ) (-2544 -4096 704 ) (-2432 -4096 704 ) 
4 129 133 (-2544 -3584 704 ) (-2544 -3328 704 ) (-2432 -3328 704 ) (-2432 -3584 704 ) 
4 129 136 (-2432 -4096 704 ) (-2544 -4096 704 ) (-2544 -3584 704 ) (-2432 -3584 704 ) 
4 129 130 (-2544 -3568 704 ) (-2544 -4096 704 ) (-2544 -4096 960 ) (-2544 -3568 960 ) 
4 130 176 (-2544 -4096 960 ) (-2560 -4096 960 ) (-2560 -4096 704 ) (-2544 -4096 704 ) 
4 130 134 (-2560 -3584 704 ) (-2560 -3568 704 ) (-2544 -3568 704 ) (-2544 -3584 704 ) 
4 130 136 (-2544 -4096 704 ) (-2560 -4096 704 ) (-2560 -3584 704 ) (-2544 -3584 704 ) 
4 130 131 (-2560 -3568 704 ) (-2560 -4096 704 ) (-2560 -4096 960 ) (-2560 -3568 960 ) 
4 131 183 (-2560 -4096 960 ) (-2688 -4096 960 ) (-2688 -4096 704 ) (-2560 -4096 704 ) 
4 131 184 (-2688 -4096 960 ) (-2816 -4096 960 ) (-2816 -4096 704 ) (-2688 -4096 704 ) 
4 131 135 (-2816 -3584 704 ) (-2816 -3520 704 ) (-2560 -3520 704 ) (-2560 -3584 704 ) 
4 131 136 (-2560 -4096 704 ) (-2816 -4096 704 ) (-2816 -3584 704 ) (-2560 -3584 704 ) 
4 131 132 (-2816 -3584 704 ) (-2816 -4096 704 ) (-2816 -4096 960 ) (-2816 -3584 960 ) 
4 132 227 (-3072 -4096 704 ) (-3072 -4096 960 ) (-3072 -3840 960 ) (-3072 -3840 704 ) 
4 132 216 (-3072 -3840 960 ) (-3072 -3616 960 ) (-3072 -3616 704 ) (-3072 -3840 704 ) 
4 132 213 (-3072 -3616 960 ) (-3072 -3584 960 ) (-3072 -3584 704 ) (-3072 -3616 704 ) 
4 132 184 (-2816 -4096 960 ) (-3072 -4096 960 ) (-3072 -4096 704 ) (-2816 -4096 704 ) 
4 132 136 (-2816 -4096 704 ) (-3072 -4096 704 ) (-3072 -3584 704 ) (-2816 -3584 704 ) 
4 133 134 (-2544 -3568 576 ) (-2544 -3584 576 ) (-2544 -3584 704 ) (-2544 -3568 704 ) 
4 133 136 (-2544 -3584 576 ) (-2304 -3584 576 ) (-2304 -3584 704 ) (-2544 -3584 704 ) 
4 134 135 (-2560 -3568 576 ) (-2560 -3584 576 ) (-2560 -3584 704 ) (-2560 -3568 704 ) 
4 134 136 (-2560 -3584 576 ) (-2544 -3584 576 ) (-2544 -3584 704 ) (-2560 -3584 704 ) 
4 135 137 (-2560 -3520 576 ) (-2560 -3584 576 ) (-2816 -3584 576 ) (-2816 -3520 576 ) 
4 135 136 (-2816 -3584 576 ) (-2560 -3584 576 ) (-2560 -3584 704 ) (-2816 -3584 704 ) 
4 136 227 (-3072 -4096 576 ) (-3072 -4096 704 ) (-3072 -3840 704 ) (-3072 -3840 576 ) 
4 136 216 (-3072 -3840 704 ) (-3072 -3616 704 ) (-3072 -3616 576 ) (-3072 -3840 576 ) 
4 136 213 (-3072 -3616 704 ) (-3072 -3584 704 ) (-3072 -3584 576 ) (-3072 -3616 576 ) 
4 136 185 (-3072 -4096 680 ) (-3072 -4096 576 ) (-2560 -4096 576 ) (-2560 -4096 680 ) 
4 136 183 (-2560 -4096 704 ) (-2688 -4096 704 ) (-2688 -4096 680 ) (-2560 -4096 680 ) 
4 136 184 (-2688 -4096 704 ) (-3072 -4096 704 ) (-3072 -4096 680 ) (-2688 -4096 680 ) 
4 136 176 (-2048 -4096 576 ) (-2048 -4096 704 ) (-2560 -4096 704 ) (-2560 -4096 576 ) 
4 136 141 (-2048 -3968 576 ) (-2048 -4096 576 ) (-3072 -4096 576 ) (-3072 -3968 576 ) 
4 136 140 (-2048 -3712 576 ) (-2048 -3968 576 ) (-3072 -3968 576 ) (-3072 -3712 576 ) 
4 136 139 (-2048 -3584 576 ) (-2048 -3712 576 ) (-3072 -3712 576 ) (-3072 -3584 576 ) 
4 137 139 (-2560 -3584 576 ) (-2816 -3584 576 ) (-2816 -3584 448 ) (-2560 -3584 448 ) 
4 137 138 (-2816 -3584 448 ) (-2816 -3520 448 ) (-2560 -3520 448 ) (-2560 -3584 448 ) 
4 138 139 (-2816 -3584 448 ) (-2816 -3584 224 ) (-2560 -3584 256 ) (-2560 -3584 448 ) 
4 139 216 (-3072 -3712 192 ) (-3072 -3712 576 ) (-3072 -3616 576 ) (-3072 -3616 192 ) 
4 139 213 (-3072 -3616 576 ) (-3072 -3584 576 ) (-3072 -3584 192 ) (-3072 -3616 192 ) 
4 139 140 (-2048 -3712 576 ) (-3072 -3712 576 ) (-3072 -3712 192 ) (-2048 -3712 320 ) 
4 140 228 (-3072 -3968 188 ) (-3072 -3968 192 ) (-3072 -3840 192 ) (-3072 -3840 188 ) 
4 140 227 (-3072 -3968 192 ) (-3072 -3968 576 ) (-3072 -3840 576 ) (-3072 -3840 192 ) 
4 140 217 (-3072 -3712 192 ) (-3072 -3712 188 ) (-3072 -3840 188 ) (-3072 -3840 192 ) 
4 140 216 (-3072 -3840 576 ) (-3072 -3712 576 ) (-3072 -3712 192 ) (-3072 -3840 192 ) 
4 140 141 (-2048 -3968 320 ) (-2048 -3968 576 ) (-3072 -3968 576 ) (-3072 -3968 192 ) 
4 141 227 (-3072 -4096 192 ) (-3072 -4096 576 ) (-3072 -3968 576 ) (-3072 -3968 192 ) 
3 141 189 (-3072 -4096 256 ) (-3072 -4096 192 ) (-2560 -4096 256 ) 
4 141 188 (-3072 -4096 384 ) (-3072 -4096 256 ) (-2880 -4096 256 ) (-2880 -4096 384 ) 
4 141 187 (-2880 -4096 256 ) (-2752 -4096 256 ) (-2752 -4096 384 ) (-2880 -4096 384 ) 
4 141 186 (-2752 -4096 256 ) (-2560 -4096 256 ) (-2560 -4096 384 ) (-2752 -4096 384 ) 
4 141 185 (-2560 -4096 576 ) (-3072 -4096 576 ) (-3072 -4096 384 ) (-2560 -4096 384 ) 
4 141 176 (-2048 -4096 320 ) (-2048 -4096 576 ) (-2560 -4096 576 ) (-2560 -4096 256 ) 
4 142 148 (-1408 -4480 856 ) (-1408 -4480 2048 ) (-1408 -4096 2048 ) (-1408 -4096 856 ) 
4 142 146 (-1408 -4480 2048 ) (-1408 -4480 856 ) (-1280 -4480 856 ) (-1280 -4480 2048 ) 
4 142 144 (-1280 -4480 856 ) (-1152 -4480 856 ) (-1152 -4480 2048 ) (-1280 -4480 2048 ) 
4 143 172 (-1024 -4864 856 ) (-1024 -4864 2048 ) (-1152 -4864 2048 ) (-1152 -4864 856 ) 
4 143 145 (-1152 -4736 856 ) (-1152 -4864 856 ) (-1152 -4864 2048 ) (-1152 -4736 2048 ) 
4 144 146 (-1280 -4480 2048 ) (-1280 -4480 856 ) (-1280 -4488 856 ) (-1280 -4488 2048 ) 
4 145 172 (-1152 -4864 2048 ) (-1280 -4864 2048 ) (-1280 -4864 856 ) (-1152 -4864 856 ) 
4 145 147 (-1280 -4736 856 ) (-1280 -4864 856 ) (-1280 -4864 2048 ) (-1280 -4736 2048 ) 
4 146 148 (-1408 -4488 2048 ) (-1408 -4480 2048 ) (-1408 -4480 856 ) (-1408 -4488 856 ) 
4 147 172 (-1280 -4864 856 ) (-1280 -4864 2048 ) (-1408 -4864 2048 ) (-1408 -4864 856 ) 
4 147 149 (-1408 -4864 856 ) (-1408 -4864 2048 ) (-1408 -4672 2048 ) (-1408 -4672 856 ) 
4 148 162 (-1536 -4096 2048 ) (-1536 -4096 856 ) (-1536 -4488 856 ) (-1536 -4488 2048 ) 
4 148 150 (-1536 -4160 856 ) (-1536 -4096 856 ) (-1408 -4096 856 ) (-1408 -4160 856 ) 
4 149 172 (-1408 -4864 856 ) (-1408 -4864 2048 ) (-1536 -4864 2048 ) (-1536 -4864 856 ) 
4 149 163 (-1536 -4672 856 ) (-1536 -4864 856 ) (-1536 -4864 2048 ) (-1536 -4672 2048 ) 
4 149 151 (-1536 -4864 856 ) (-1536 -4800 856 ) (-1408 -4800 856 ) (-1408 -4864 856 ) 
4 150 152 (-1536 -4128 704 ) (-1536 -4096 704 ) (-1408 -4096 704 ) (-1408 -4128 704 ) 
4 151 172 (-1408 -4864 704 ) (-1408 -4864 856 ) (-1536 -4864 856 ) (-1536 -4864 704 ) 
4 151 154 (-1536 -4864 704 ) (-1536 -4800 704 ) (-1408 -4800 704 ) (-1408 -4864 704 ) 
4 152 155 (-1536 -4128 576 ) (-1536 -4096 576 ) (-1408 -4096 576 ) (-1408 -4128 576 ) 
4 152 153 (-1536 -4128 576 ) (-1408 -4128 576 ) (-1408 -4128 696 ) (-1536 -4128 696 ) 
4 154 174 (-1408 -4864 576 ) (-1408 -4864 632 ) (-1536 -4864 632 ) (-1536 -4864 576 ) 
4 154 173 (-1408 -4864 632 ) (-1408 -4864 640 ) (-1536 -4864 640 ) (-1536 -4864 632 ) 
4 154 172 (-1408 -4864 640 ) (-1408 -4864 704 ) (-1536 -4864 704 ) (-1536 -4864 640 ) 
4 154 156 (-1536 -4864 576 ) (-1536 -4832 576 ) (-1408 -4832 576 ) (-1408 -4864 576 ) 
4 155 157 (-1536 -4128 512 ) (-1536 -4096 512 ) (-1408 -4096 512 ) (-1408 -4128 512 ) 
4 156 174 (-1408 -4864 512 ) (-1408 -4864 576 ) (-1536 -4864 576 ) (-1536 -4864 512 ) 
4 156 161 (-1536 -4864 512 ) (-1536 -4832 512 ) (-1408 -4832 512 ) (-1408 -4864 512 ) 
4 157 158 (-1536 -4128 320 ) (-1408 -4128 320 ) (-1408 -4128 512 ) (-1536 -4128 512 ) 
4 158 159 (-1536 -4132 320 ) (-1408 -4132 320 ) (-1408 -4132 512 ) (-1536 -4132 512 ) 
4 159 160 (-1536 -4816 320 ) (-1408 -4816 320 ) (-1408 -4816 512 ) (-1536 -4816 512 ) 
4 160 161 (-1536 -4820 320 ) (-1408 -4820 320 ) (-1408 -4820 512 ) (-1536 -4820 512 ) 
4 161 174 (-1408 -4864 320 ) (-1408 -4864 512 ) (-1536 -4864 512 ) (-1536 -4864 320 ) 
4 162 164 (-1664 -4096 856 ) (-1664 -4224 856 ) (-1664 -4224 2048 ) (-1664 -4096 2048 ) 
4 163 172 (-1536 -4864 856 ) (-1536 -4864 2048 ) (-1664 -4864 2048 ) (-1664 -4864 856 ) 
4 163 165 (-1664 -4736 856 ) (-1664 -4864 856 ) (-1664 -4864 2048 ) (-1664 -4736 2048 ) 
4 164 166 (-1792 -4096 856 ) (-1792 -4224 856 ) (-1792 -4224 2048 ) (-1792 -4096 2048 ) 
4 165 172 (-1664 -4864 2048 ) (-1792 -4864 2048 ) (-1792 -4864 856 ) (-1664 -4864 856 ) 
4 165 167 (-1792 -4800 856 ) (-1792 -4864 856 ) (-1792 -4864 2048 ) (-1792 -4800 2048 ) 
4 166 168 (-1920 -4608 2048 ) (-1920 -4096 2048 ) (-1920 -4096 856 ) (-1920 -4608 856 ) 
4 167 172 (-1792 -4864 2048 ) (-1920 -4864 2048 ) (-1920 -4864 856 ) (-1792 -4864 856 ) 
4 167 169 (-1920 -4864 856 ) (-1920 -4864 2048 ) (-1920 -4800 2048 ) (-1920 -4800 856 ) 
4 168 177 (-2048 -4608 808 ) (-2048 -4608 2048 ) (-2048 -4224 2048 ) (-2048 -4224 808 ) 
4 168 176 (-2048 -4096 2048 ) (-2048 -4096 768 ) (-2048 -4224 768 ) (-2048 -4224 2048 ) 
4 168 171 (-1920 -4288 768 ) (-1920 -4352 768 ) (-2048 -4352 768 ) (-2048 -4288 768 ) 
4 168 170 (-1920 -4096 768 ) (-1920 -4288 768 ) (-2048 -4288 768 ) (-2048 -4096 768 ) 
4 169 179 (-2048 -4864 808 ) (-2048 -4864 2048 ) (-2048 -4800 2048 ) (-2048 -4800 808 ) 
4 169 172 (-1920 -4864 768 ) (-1920 -4864 2048 ) (-2048 -4864 2048 ) (-2048 -4864 768 ) 
4 170 176 (-2048 -4096 768 ) (-2048 -4096 320 ) (-2048 -4224 320 ) (-2048 -4224 768 ) 
4 170 171 (-1920 -4288 640 ) (-1920 -4288 768 ) (-2048 -4288 768 ) (-2048 -4288 640 ) 
4 172 333 (-2048 -5120 1024 ) (-2048 -5120 640 ) (-1912 -5120 640 ) (-1912 -5120 1024 ) 
4 172 332 (-1912 -5120 640 ) (-1664 -5120 640 ) (-1664 -5120 1024 ) (-1912 -5120 1024 ) 
4 172 331 (-1664 -5120 2048 ) (-2048 -5120 2048 ) (-2048 -5120 1024 ) (-1664 -5120 1024 ) 
4 172 327 (-1664 -5120 1016 ) (-1664 -5120 640 ) (-1592 -5120 640 ) (-1592 -5120 1016 ) 
4 172 326 (-1664 -5120 1024 ) (-1664 -5120 1016 ) (-1592 -5120 1016 ) (-1592 -5120 1024 ) 
4 172 325 (-1592 -5120 2048 ) (-1664 -5120 2048 ) (-1664 -5120 1024 ) (-1592 -5120 1024 ) 
4 172 323 (-1472 -5120 1016 ) (-1592 -5120 1016 ) (-1592 -5120 640 ) (-1472 -5120 640 ) 
4 172 322 (-1280 -5120 1016 ) (-1472 -5120 1016 ) (-1472 -5120 640 ) (-1280 -5120 640 ) 
4 172 319 (-1024 -5120 640 ) (-1024 -5120 888 ) (-1280 -5120 888 ) (-1280 -5120 640 ) 
4 172 316 (-1024 -5120 888 ) (-1024 -5120 1016 ) (-1040 -5120 1016 ) (-1040 -5120 888 ) 
4 172 318 (-1040 -5120 1016 ) (-1280 -5120 1016 ) (-1280 -5120 888 ) (-1040 -5120 888 ) 
4 172 315 (-1264 -5120 1024 ) (-1592 -5120 1024 ) (-1592 -5120 1016 ) (-1264 -5120 1016 ) 
4 172 314 (-1024 -5120 1016 ) (-1024 -5120 1024 ) (-1264 -5120 1024 ) (-1264 -5120 1016 ) 
4 172 313 (-1024 -5120 1024 ) (-1024 -5120 2048 ) (-1592 -5120 2048 ) (-1592 -5120 1024 ) 
4 172 182 (-2048 -5120 808 ) (-2048 -5120 2048 ) (-2048 -4864 2048 ) (-2048 -4864 808 ) 
4 172 173 (-1912 -4864 640 ) (-1024 -4864 640 ) (-1024 -5120 640 ) (-1912 -5120 640 ) 
4 173 332 (-1664 -5120 640 ) (-1912 -5120 640 ) (-1912 -5120 632 ) (-1664 -5120 632 ) 
4 173 327 (-1592 -5120 640 ) (-1664 -5120 640 ) (-1664 -5120 632 ) (-1592 -5120 632 ) 
4 173 323 (-1472 -5120 640 ) (-1592 -5120 640 ) (-1592 -5120 632 ) (-1472 -5120 632 ) 
4 173 322 (-1280 -5120 640 ) (-1472 -5120 640 ) (-1472 -5120 632 ) (-1280 -5120 632 ) 
4 173 319 (-1024 -5120 632 ) (-1024 -5120 640 ) (-1280 -5120 640 ) (-1280 -5120 632 ) 
4 173 174 (-1024 -5120 632 ) (-1912 -5120 632 ) (-1912 -4864 632 ) (-1024 -4864 632 ) 
4 174 334 (-1664 -5120 632 ) (-1920 -5120 632 ) (-1920 -5120 320 ) (-1664 -5120 320 ) 
4 174 328 (-1664 -5120 512 ) (-1664 -5120 320 ) (-1592 -5120 320 ) (-1592 -5120 512 ) 
4 174 327 (-1592 -5120 632 ) (-1664 -5120 632 ) (-1664 -5120 512 ) (-1592 -5120 512 ) 
4 174 323 (-1472 -5120 632 ) (-1592 -5120 632 ) (-1592 -5120 320 ) (-1472 -5120 320 ) 
4 174 322 (-1280 -5120 632 ) (-1472 -5120 632 ) (-1472 -5120 320 ) (-1280 -5120 320 ) 
4 174 321 (-1024 -5120 320 ) (-1024 -5120 632 ) (-1280 -5120 632 ) (-1280 -5120 320 ) 
4 174 175 (-1408 -4864 320 ) (-1088 -4864 320 ) (-1088 -5056 320 ) (-1408 -5056 320 ) 
4 176 186 (-2560 -4160 384 ) (-2560 -4096 384 ) (-2560 -4096 256 ) (-2560 -4160 256 ) 
4 176 185 (-2560 -4160 680 ) (-2560 -4096 680 ) (-2560 -4096 384 ) (-2560 -4160 384 ) 
4 176 183 (-2560 -4224 680 ) (-2560 -4224 2048 ) (-2560 -4096 2048 ) (-2560 -4096 680 ) 
4 176 180 (-2432 -4224 808 ) (-2176 -4224 808 ) (-2176 -4224 2048 ) (-2432 -4224 2048 ) 
4 176 181 (-2560 -4224 2048 ) (-2560 -4224 808 ) (-2432 -4224 808 ) (-2432 -4224 2048 ) 
4 176 177 (-2176 -4224 808 ) (-2048 -4224 808 ) (-2048 -4224 2048 ) (-2176 -4224 2048 ) 
4 177 180 (-2176 -4224 808 ) (-2176 -4352 808 ) (-2176 -4352 2048 ) (-2176 -4224 2048 ) 
4 177 178 (-2176 -4608 2048 ) (-2176 -4608 1984 ) (-2048 -4608 1984 ) (-2048 -4608 2048 ) 
4 178 179 (-2176 -4800 2048 ) (-2176 -4800 1984 ) (-2048 -4800 1984 ) (-2048 -4800 2048 ) 
4 179 182 (-2176 -4864 808 ) (-2048 -4864 808 ) (-2048 -4864 2048 ) (-2176 -4864 2048 ) 
4 180 181 (-2432 -4224 808 ) (-2432 -4352 808 ) (-2432 -4352 2048 ) (-2432 -4224 2048 ) 
4 181 183 (-2560 -4864 808 ) (-2560 -4864 2048 ) (-2560 -4224 2048 ) (-2560 -4224 808 ) 
4 182 338 (-2048 -5120 808 ) (-2048 -5120 2048 ) (-2176 -5120 2048 ) (-2176 -5120 808 ) 
4 183 185 (-2560 -4096 680 ) (-2560 -4160 680 ) (-2688 -4160 680 ) (-2688 -4096 680 ) 
4 183 184 (-2688 -4096 680 ) (-2688 -4864 680 ) (-2688 -4864 2048 ) (-2688 -4096 2048 ) 
4 184 339 (-2688 -5120 2048 ) (-3072 -5120 2048 ) (-3072 -5120 680 ) (-2688 -5120 680 ) 
4 184 264 (-3072 -5120 704 ) (-3072 -5120 2048 ) (-3072 -4512 2048 ) (-3072 -4512 704 ) 
4 184 263 (-3072 -4512 2048 ) (-3072 -4480 2048 ) (-3072 -4480 680 ) (-3072 -4512 680 ) 
4 184 249 (-3072 -4096 744 ) (-3072 -4096 680 ) (-3072 -4480 680 ) (-3072 -4480 744 ) 
4 184 246 (-3072 -4480 2048 ) (-3072 -4096 2048 ) (-3072 -4096 744 ) (-3072 -4480 744 ) 
4 184 185 (-3072 -4160 680 ) (-3072 -4096 680 ) (-2688 -4096 680 ) (-2688 -4160 680 ) 
4 185 259 (-3072 -4096 416 ) (-3072 -4096 384 ) (-3072 -4160 384 ) (-3072 -4160 416 ) 
4 185 257 (-3072 -4096 488 ) (-3072 -4096 416 ) (-3072 -4160 416 ) (-3072 -4160 488 ) 
4 185 255 (-3072 -4096 544 ) (-3072 -4096 488 ) (-3072 -4160 488 ) (-3072 -4160 544 ) 
4 185 253 (-3072 -4096 616 ) (-3072 -4096 544 ) (-3072 -4160 544 ) (-3072 -4160 616 ) 
4 185 251 (-3072 -4096 672 ) (-3072 -4096 616 ) (-3072 -4160 616 ) (-3072 -4160 672 ) 
4 185 249 (-3072 -4160 680 ) (-3072 -4096 680 ) (-3072 -4096 672 ) (-3072 -4160 672 ) 
4 185 188 (-3072 -4160 384 ) (-3072 -4096 384 ) (-2880 -4096 384 ) (-2880 -4160 384 ) 
4 185 187 (-2880 -4096 384 ) (-2752 -4096 384 ) (-2752 -4160 384 ) (-2880 -4160 384 ) 
4 185 186 (-2752 -4096 384 ) (-2560 -4096 384 ) (-2560 -4160 384 ) (-2752 -4160 384 ) 
4 186 189 (-2560 -4096 256 ) (-2560 -4160 256 ) (-2752 -4160 256 ) (-2752 -4096 256 ) 
4 186 187 (-2752 -4096 256 ) (-2752 -4160 256 ) (-2752 -4160 384 ) (-2752 -4096 384 ) 
4 187 189 (-2880 -4160 256 ) (-2880 -4096 256 ) (-2752 -4096 256 ) (-2752 -4160 256 ) 
4 187 188 (-2880 -4096 256 ) (-2880 -4160 256 ) (-2880 -4160 384 ) (-2880 -4096 384 ) 
4 188 267 (-3072 -4096 320 ) (-3072 -4096 256 ) (-3072 -4160 256 ) (-3072 -4160 320 ) 
4 188 261 (-3072 -4096 360 ) (-3072 -4096 320 ) (-3072 -4160 320 ) (-3072 -4160 360 ) 
4 188 259 (-3072 -4160 384 ) (-3072 -4096 384 ) (-3072 -4096 360 ) (-3072 -4160 360 ) 
4 188 189 (-3072 -4160 256 ) (-3072 -4096 256 ) (-2880 -4096 256 ) (-2880 -4160 256 ) 
4 189 267 (-3072 -4160 192 ) (-3072 -4160 256 ) (-3072 -4096 256 ) (-3072 -4096 192 ) 
4 190 286 (-4096 -3072 184 ) (-4096 -3072 128 ) (-4096 -3328 128 ) (-4096 -3328 184 ) 
4 190 285 (-4096 -3072 192 ) (-4096 -3072 184 ) (-4096 -3328 184 ) (-4096 -3328 192 ) 
4 190 284 (-4096 -3072 2048 ) (-4096 -3072 192 ) (-4096 -3328 192 ) (-4096 -3328 2048 ) 
4 190 208 (-3968 -3200 128 ) (-3840 -3200 128 ) (-3840 -3312 128 ) (-3968 -3312 128 ) 
4 190 207 (-3584 -3200 128 ) (-3520 -3200 128 ) (-3520 -3328 128 ) (-3584 -3328 128 ) 
4 190 206 (-3520 -3200 128 ) (-3264 -3200 128 ) (-3264 -3328 128 ) (-3520 -3328 128 ) 
4 190 205 (-3264 -3200 128 ) (-3136 -3200 128 ) (-3136 -3328 128 ) (-3264 -3328 128 ) 
4 190 204 (-4096 -3200 128 ) (-4096 -3072 128 ) (-3584 -3072 128 ) (-3840 -3200 128 ) 
4 190 203 (-4096 -3328 2048 ) (-4096 -3328 128 ) (-4032 -3328 128 ) (-4032 -3328 2048 ) 
4 190 202 (-3776 -3328 128 ) (-3648 -3328 128 ) (-3648 -3328 256 ) (-3776 -3328 256 ) 
4 190 191 (-3520 -3328 128 ) (-3072 -3328 128 ) (-3072 -3328 2048 ) (-3520 -3328 2048 ) 
4 191 206 (-3520 -3360 128 ) (-3520 -3328 128 ) (-3264 -3328 128 ) (-3264 -3360 128 ) 
4 191 205 (-3264 -3328 128 ) (-3136 -3328 128 ) (-3136 -3360 128 ) (-3264 -3360 128 ) 
4 191 200 (-3520 -3360 2048 ) (-3520 -3360 128 ) (-3392 -3360 128 ) (-3392 -3360 2048 ) 
4 191 198 (-3264 -3360 832 ) (-3264 -3360 2048 ) (-3392 -3360 2048 ) (-3392 -3360 832 ) 
4 191 196 (-3136 -3360 832 ) (-3136 -3360 2048 ) (-3264 -3360 2048 ) (-3264 -3360 832 ) 
4 191 192 (-3136 -3360 128 ) (-3072 -3360 128 ) (-3072 -3360 2048 ) (-3136 -3360 2048 ) 
4 192 196 (-3136 -3360 2048 ) (-3136 -3360 832 ) (-3136 -3392 832 ) (-3136 -3392 2048 ) 
4 192 193 (-3136 -3392 832 ) (-3136 -3392 128 ) (-3072 -3392 128 ) (-3072 -3392 832 ) 
4 193 194 (-3136 -3456 832 ) (-3136 -3456 128 ) (-3072 -3456 128 ) (-3072 -3456 832 ) 
4 194 197 (-3136 -3488 832 ) (-3136 -3488 2048 ) (-3136 -3456 2048 ) (-3136 -3456 832 ) 
4 194 195 (-3072 -3488 2048 ) (-3136 -3488 2048 ) (-3136 -3488 192 ) (-3072 -3488 192 ) 
4 195 213 (-3072 -3584 192 ) (-3072 -3584 2048 ) (-3136 -3584 2048 ) (-3136 -3584 192 ) 
4 195 197 (-3136 -3584 832 ) (-3136 -3584 2048 ) (-3136 -3488 2048 ) (-3136 -3488 832 ) 
4 196 198 (-3264 -3360 2048 ) (-3264 -3360 832 ) (-3264 -3392 832 ) (-3264 -3392 2048 ) 
4 197 213 (-3136 -3584 832 ) (-3136 -3584 2048 ) (-3264 -3584 2048 ) (-3264 -3584 832 ) 
4 197 199 (-3264 -3456 832 ) (-3264 -3584 832 ) (-3264 -3584 2048 ) (-3264 -3456 2048 ) 
4 198 200 (-3392 -3360 2048 ) (-3392 -3360 832 ) (-3392 -3392 832 ) (-3392 -3392 2048 ) 
4 199 214 (-3264 -3584 832 ) (-3264 -3584 2048 ) (-3392 -3584 2048 ) (-3392 -3584 832 ) 
4 199 201 (-3392 -3456 832 ) (-3392 -3584 832 ) (-3392 -3584 2048 ) (-3392 -3456 2048 ) 
4 200 206 (-3520 -3392 128 ) (-3520 -3360 128 ) (-3392 -3360 128 ) (-3392 -3392 128 ) 
4 201 215 (-3392 -3584 832 ) (-3392 -3584 2048 ) (-3520 -3584 2048 ) (-3520 -3584 832 ) 
4 202 230 (-3776 -3584 128 ) (-3648 -3584 128 ) (-3648 -3584 256 ) (-3776 -3584 256 ) 
4 203 286 (-4096 -3328 128 ) (-4096 -3584 128 ) (-4096 -3584 184 ) (-4096 -3328 184 ) 
4 203 285 (-4096 -3584 184 ) (-4096 -3584 192 ) (-4096 -3328 192 ) (-4096 -3328 184 ) 
4 203 284 (-4096 -3584 192 ) (-4096 -3584 2048 ) (-4096 -3328 2048 ) (-4096 -3328 192 ) 
4 204 288 (-4096 -3072 128 ) (-4096 -3072 0 ) (-4096 -3200 0 ) (-4096 -3200 128 ) 
4 204 211 (-4096 -3200 0 ) (-4096 -3072 0 ) (-3840 -3072 0 ) (-3840 -3200 0 ) 
3 204 210 (-3840 -3072 0 ) (-3584 -3072 0 ) (-3840 -3200 0 ) 
4 204 209 (-4096 -3200 0 ) (-3968 -3200 0 ) (-3968 -3200 120 ) (-4096 -3200 120 ) 
4 204 208 (-3968 -3200 0 ) (-3840 -3200 0 ) (-3840 -3200 128 ) (-3968 -3200 128 ) 
4 205 206 (-3264 -3200 128 ) (-3264 -3200 120 ) (-3264 -3360 120 ) (-3264 -3360 128 ) 
4 206 207 (-3520 -3200 128 ) (-3520 -3200 120 ) (-3520 -3328 120 ) (-3520 -3328 128 ) 
4 208 211 (-3968 -3200 0 ) (-3840 -3200 0 ) (-3840 -3312 0 ) (-3968 -3312 0 ) 
4 208 209 (-3968 -3200 120 ) (-3968 -3200 0 ) (-3968 -3312 0 ) (-3968 -3312 120 ) 
4 209 211 (-4096 -3312 0 ) (-4096 -3200 0 ) (-3968 -3200 0 ) (-3968 -3312 0 ) 
4 210 211 (-3840 -3072 -8 ) (-3840 -3200 -8 ) (-3840 -3200 0 ) (-3840 -3072 0 ) 
4 211 288 (-4096 -3072 0 ) (-4096 -3072 -8 ) (-4096 -3200 -8 ) (-4096 -3200 0 ) 
4 212 291 (-4096 -3520 -8 ) (-4096 -3584 -8 ) (-4096 -3584 0 ) (-4096 -3520 0 ) 
4 213 216 (-3072 -3616 192 ) (-3072 -3616 2048 ) (-3264 -3616 2048 ) (-3264 -3616 168 ) 
4 213 214 (-3264 -3584 2048 ) (-3264 -3584 832 ) (-3264 -3616 832 ) (-3264 -3616 2048 ) 
4 214 216 (-3264 -3616 832 ) (-3264 -3616 2048 ) (-3392 -3616 2048 ) (-3392 -3616 832 ) 
4 214 215 (-3392 -3584 2048 ) (-3392 -3584 832 ) (-3392 -3616 832 ) (-3392 -3616 2048 ) 
4 215 225 (-3520 -3584 360 ) (-3520 -3584 288 ) (-3520 -3616 288 ) (-3520 -3616 360 ) 
4 215 223 (-3520 -3584 488 ) (-3520 -3584 416 ) (-3520 -3616 416 ) (-3520 -3616 488 ) 
4 215 221 (-3520 -3584 616 ) (-3520 -3584 544 ) (-3520 -3616 544 ) (-3520 -3616 616 ) 
4 215 219 (-3520 -3584 744 ) (-3520 -3584 672 ) (-3520 -3616 672 ) (-3520 -3616 744 ) 
4 215 218 (-3520 -3584 2048 ) (-3520 -3584 832 ) (-3520 -3616 832 ) (-3520 -3616 2048 ) 
4 215 216 (-3520 -3616 2048 ) (-3520 -3616 136 ) (-3392 -3616 152 ) (-3392 -3616 2048 ) 
4 216 227 (-3072 -3840 192 ) (-3072 -3840 2048 ) (-3520 -3840 2048 ) (-3520 -3840 136 ) 
4 216 225 (-3520 -3840 288 ) (-3520 -3840 360 ) (-3520 -3616 360 ) (-3520 -3616 288 ) 
4 216 223 (-3520 -3840 416 ) (-3520 -3840 488 ) (-3520 -3616 488 ) (-3520 -3616 416 ) 
4 216 221 (-3520 -3840 544 ) (-3520 -3840 616 ) (-3520 -3616 616 ) (-3520 -3616 544 ) 
4 216 219 (-3520 -3840 672 ) (-3520 -3840 744 ) (-3520 -3616 744 ) (-3520 -3616 672 ) 
4 216 218 (-3520 -3840 832 ) (-3520 -3840 2048 ) (-3520 -3616 2048 ) (-3520 -3616 832 ) 
3 216 217 (-3072 -3840 192 ) (-3328 -3840 160 ) (-3072 -3712 192 ) 
4 217 228 (-3072 -3840 188 ) (-3072 -3840 192 ) (-3328 -3840 160 ) (-3328 -3840 156 ) 
4 218 229 (-3648 -3584 2048 ) (-3648 -3584 832 ) (-3648 -3840 832 ) (-3648 -3840 2048 ) 
4 218 227 (-3648 -3840 2048 ) (-3648 -3840 832 ) (-3520 -3840 832 ) (-3520 -3840 2048 ) 
4 219 227 (-3528 -3840 672 ) (-3520 -3840 672 ) (-3520 -3840 744 ) (-3528 -3840 744 ) 
4 219 220 (-3528 -3832 672 ) (-3528 -3840 672 ) (-3528 -3840 744 ) (-3528 -3832 744 ) 
4 220 227 (-3648 -3840 744 ) (-3648 -3840 672 ) (-3528 -3840 672 ) (-3528 -3840 744 ) 
4 221 227 (-3528 -3840 544 ) (-3520 -3840 544 ) (-3520 -3840 616 ) (-3528 -3840 616 ) 
4 221 222 (-3528 -3832 544 ) (-3528 -3840 544 ) (-3528 -3840 616 ) (-3528 -3832 616 ) 
4 222 227 (-3648 -3840 616 ) (-3648 -3840 544 ) (-3528 -3840 544 ) (-3528 -3840 616 ) 
4 223 227 (-3528 -3840 416 ) (-3520 -3840 416 ) (-3520 -3840 488 ) (-3528 -3840 488 ) 
4 223 224 (-3528 -3832 416 ) (-3528 -3840 416 ) (-3528 -3840 488 ) (-3528 -3832 488 ) 
4 224 227 (-3648 -3840 488 ) (-3648 -3840 416 ) (-3528 -3840 416 ) (-3528 -3840 488 ) 
4 225 227 (-3528 -3840 288 ) (-3520 -3840 288 ) (-3520 -3840 360 ) (-3528 -3840 360 ) 
4 225 226 (-3528 -3832 288 ) (-3528 -3840 288 ) (-3528 -3840 360 ) (-3528 -3832 360 ) 
4 226 227 (-3648 -3840 360 ) (-3648 -3840 288 ) (-3528 -3840 288 ) (-3528 -3840 360 ) 
4 227 275 (-3648 -4096 288 ) (-3648 -4096 120 ) (-3328 -4096 160 ) (-3328 -4096 288 ) 
4 227 273 (-3328 -4096 320 ) (-3648 -4096 320 ) (-3648 -4096 288 ) (-3328 -4096 288 ) 
4 227 270 (-3328 -4096 192 ) (-3328 -4096 160 ) (-3200 -4096 176 ) (-3200 -4096 192 ) 
4 227 269 (-3200 -4096 320 ) (-3328 -4096 320 ) (-3328 -4096 192 ) (-3200 -4096 192 ) 
3 227 268 (-3072 -4096 192 ) (-3200 -4096 192 ) (-3200 -4096 176 ) 
4 227 267 (-3072 -4096 192 ) (-3072 -4096 320 ) (-3200 -4096 320 ) (-3200 -4096 192 ) 
4 227 261 (-3072 -4096 320 ) (-3072 -4096 360 ) (-3648 -4096 360 ) (-3648 -4096 320 ) 
4 227 259 (-3072 -4096 360 ) (-3072 -4096 416 ) (-3648 -4096 416 ) (-3648 -4096 360 ) 
4 227 257 (-3072 -4096 416 ) (-3072 -4096 488 ) (-3648 -4096 488 ) (-3648 -4096 416 ) 
4 227 255 (-3072 -4096 488 ) (-3072 -4096 544 ) (-3648 -4096 544 ) (-3648 -4096 488 ) 
4 227 253 (-3072 -4096 544 ) (-3072 -4096 616 ) (-3648 -4096 616 ) (-3648 -4096 544 ) 
4 227 251 (-3072 -4096 616 ) (-3072 -4096 672 ) (-3648 -4096 672 ) (-3648 -4096 616 ) 
4 227 249 (-3072 -4096 672 ) (-3072 -4096 744 ) (-3648 -4096 744 ) (-3648 -4096 672 ) 
4 227 246 (-3072 -4096 744 ) (-3072 -4096 2048 ) (-3648 -4096 2048 ) (-3648 -4096 744 ) 
4 227 232 (-3648 -4096 120 ) (-3648 -4096 2048 ) (-3648 -3848 2048 ) (-3648 -3848 120 ) 
4 227 231 (-3648 -3840 128 ) (-3648 -3840 120 ) (-3648 -3848 120 ) (-3648 -3848 128 ) 
4 227 230 (-3648 -3840 256 ) (-3648 -3840 128 ) (-3648 -3848 128 ) (-3648 -3848 256 ) 
4 227 229 (-3648 -3848 2048 ) (-3648 -3840 2048 ) (-3648 -3840 832 ) (-3648 -3848 832 ) 
6 227 228 (-3648 -4096 120 ) (-3648 -4000 120 ) (-3328 -3840 160 ) (-3072 -3840 192 ) (-3072 -3968 192 ) (-3328 -4096 160 ) 
4 228 277 (-3328 -4096 156 ) (-3328 -4096 160 ) (-3648 -4096 120 ) (-3648 -4096 116 ) 
4 228 233 (-3648 -4096 116 ) (-3648 -4096 120 ) (-3648 -4000 120 ) (-3648 -4000 116 ) 
4 229 239 (-3776 -3840 832 ) (-3776 -3848 832 ) (-3776 -3848 2048 ) (-3776 -3840 2048 ) 
4 229 234 (-3776 -3584 2048 ) (-3776 -3584 832 ) (-3776 -3840 832 ) (-3776 -3840 2048 ) 
4 229 232 (-3776 -3848 2048 ) (-3776 -3848 832 ) (-3648 -3848 832 ) (-3648 -3848 2048 ) 
4 230 239 (-3776 -3840 128 ) (-3776 -3848 128 ) (-3776 -3848 256 ) (-3776 -3840 256 ) 
4 230 232 (-3776 -3848 256 ) (-3776 -3848 128 ) (-3648 -3848 128 ) (-3648 -3848 256 ) 
4 230 231 (-3648 -3848 128 ) (-3776 -3848 128 ) (-3776 -3840 128 ) (-3648 -3840 128 ) 
4 231 239 (-3776 -3848 104 ) (-3776 -3848 128 ) (-3776 -3840 128 ) (-3776 -3840 104 ) 
4 231 232 (-3776 -3848 128 ) (-3776 -3848 104 ) (-3648 -3848 120 ) (-3648 -3848 128 ) 
4 232 275 (-3648 -4096 120 ) (-3648 -4096 288 ) (-3776 -4096 288 ) (-3776 -4096 104 ) 
4 232 273 (-3648 -4096 288 ) (-3648 -4096 320 ) (-3776 -4096 320 ) (-3776 -4096 288 ) 
4 232 261 (-3648 -4096 320 ) (-3648 -4096 360 ) (-3776 -4096 360 ) (-3776 -4096 320 ) 
4 232 259 (-3648 -4096 360 ) (-3648 -4096 416 ) (-3776 -4096 416 ) (-3776 -4096 360 ) 
4 232 257 (-3648 -4096 416 ) (-3648 -4096 488 ) (-3776 -4096 488 ) (-3776 -4096 416 ) 
4 232 255 (-3648 -4096 488 ) (-3648 -4096 544 ) (-3776 -4096 544 ) (-3776 -4096 488 ) 
4 232 253 (-3648 -4096 544 ) (-3648 -4096 616 ) (-3776 -4096 616 ) (-3776 -4096 544 ) 
4 232 251 (-3648 -4096 616 ) (-3648 -4096 672 ) (-3776 -4096 672 ) (-3776 -4096 616 ) 
4 232 249 (-3648 -4096 672 ) (-3648 -4096 744 ) (-3776 -4096 744 ) (-3776 -4096 672 ) 
4 232 246 (-3648 -4096 744 ) (-3648 -4096 2048 ) (-3776 -4096 2048 ) (-3776 -4096 744 ) 
4 232 239 (-3776 -4096 104 ) (-3776 -4096 2048 ) (-3776 -3848 2048 ) (-3776 -3848 104 ) 
4 232 233 (-3776 -4096 104 ) (-3776 -4064 104 ) (-3648 -4000 120 ) (-3648 -4096 120 ) 
4 233 277 (-3648 -4096 116 ) (-3648 -4096 120 ) (-3776 -4096 104 ) (-3776 -4096 100 ) 
4 233 240 (-3776 -4096 100 ) (-3776 -4096 104 ) (-3776 -4064 104 ) (-3776 -4064 100 ) 
4 234 239 (-4032 -3840 2048 ) (-4032 -3840 832 ) (-3776 -3840 832 ) (-3776 -3840 2048 ) 
4 235 239 (-4032 -3840 744 ) (-4032 -3840 672 ) (-3776 -3840 672 ) (-3776 -3840 744 ) 
4 236 239 (-4032 -3840 616 ) (-4032 -3840 544 ) (-3776 -3840 544 ) (-3776 -3840 616 ) 
4 237 239 (-4032 -3840 488 ) (-4032 -3840 416 ) (-3776 -3840 416 ) (-3776 -3840 488 ) 
4 238 239 (-4032 -3840 360 ) (-4032 -3840 288 ) (-3776 -3840 288 ) (-3776 -3840 360 ) 
4 239 275 (-3776 -4096 104 ) (-3776 -4096 288 ) (-4032 -4096 288 ) (-4032 -4096 72 ) 
4 239 273 (-3776 -4096 288 ) (-3776 -4096 320 ) (-4032 -4096 320 ) (-4032 -4096 288 ) 
4 239 261 (-3776 -4096 320 ) (-3776 -4096 360 ) (-4032 -4096 360 ) (-4032 -4096 320 ) 
4 239 259 (-3776 -4096 360 ) (-3776 -4096 416 ) (-4032 -4096 416 ) (-4032 -4096 360 ) 
4 239 257 (-3776 -4096 416 ) (-3776 -4096 488 ) (-4032 -4096 488 ) (-4032 -4096 416 ) 
4 239 255 (-3776 -4096 488 ) (-3776 -4096 544 ) (-4032 -4096 544 ) (-4032 -4096 488 ) 
4 239 253 (-3776 -4096 544 ) (-3776 -4096 616 ) (-4032 -4096 616 ) (-4032 -4096 544 ) 
4 239 251 (-3776 -4096 616 ) (-3776 -4096 672 ) (-4032 -4096 672 ) (-4032 -4096 616 ) 
4 239 249 (-3776 -4096 672 ) (-3776 -4096 744 ) (-4032 -4096 744 ) (-4032 -4096 672 ) 
4 239 246 (-3776 -4096 744 ) (-3776 -4096 2048 ) (-4032 -4096 2048 ) (-4032 -4096 744 ) 
4 239 245 (-4032 -4096 288 ) (-4032 -4096 360 ) (-4032 -3840 360 ) (-4032 -3840 288 ) 
4 239 244 (-4032 -4096 416 ) (-4032 -4096 488 ) (-4032 -3840 488 ) (-4032 -3840 416 ) 
4 239 243 (-4032 -4096 544 ) (-4032 -4096 616 ) (-4032 -3840 616 ) (-4032 -3840 544 ) 
4 239 242 (-4032 -4096 672 ) (-4032 -4096 744 ) (-4032 -3840 744 ) (-4032 -3840 672 ) 
4 239 241 (-4032 -4096 832 ) (-4032 -4096 2048 ) (-4032 -3840 2048 ) (-4032 -3840 832 ) 
3 239 240 (-3776 -4064 104 ) (-3776 -4096 104 ) (-3840 -4096 96 ) 
4 240 277 (-3776 -4096 100 ) (-3776 -4096 104 ) (-3840 -4096 96 ) (-3840 -4096 92 ) 
4 241 294 (-4096 -4096 832 ) (-4096 -4096 2048 ) (-4096 -3840 2048 ) (-4096 -3840 832 ) 
4 241 247 (-4032 -4096 832 ) (-4032 -4096 2048 ) (-4096 -4096 2048 ) (-4096 -4096 832 ) 
4 242 249 (-4032 -4096 672 ) (-4032 -4096 744 ) (-4040 -4096 744 ) (-4040 -4096 672 ) 
4 243 253 (-4032 -4096 544 ) (-4032 -4096 616 ) (-4040 -4096 616 ) (-4040 -4096 544 ) 
4 244 257 (-4032 -4096 416 ) (-4032 -4096 488 ) (-4040 -4096 488 ) (-4040 -4096 416 ) 
4 245 273 (-4032 -4096 288 ) (-4032 -4096 320 ) (-4040 -4096 320 ) (-4040 -4096 288 ) 
4 245 261 (-4032 -4096 320 ) (-4032 -4096 360 ) (-4040 -4096 360 ) (-4040 -4096 320 ) 
4 246 265 (-3456 -4480 2048 ) (-4032 -4480 2048 ) (-4032 -4480 744 ) (-3456 -4480 744 ) 
4 246 263 (-3072 -4480 744 ) (-3072 -4480 2048 ) (-3456 -4480 2048 ) (-3456 -4480 744 ) 
4 246 249 (-3072 -4480 744 ) (-4032 -4480 744 ) (-4032 -4096 744 ) (-3072 -4096 744 ) 
4 246 248 (-4032 -4128 744 ) (-4032 -4480 744 ) (-4032 -4480 832 ) (-4032 -4128 832 ) 
4 246 247 (-4032 -4480 832 ) (-4032 -4480 2048 ) (-4032 -4096 2048 ) (-4032 -4096 832 ) 
4 247 307 (-4096 -4288 832 ) (-4096 -4480 832 ) (-4096 -4480 2048 ) (-4096 -4288 2048 ) 
4 247 298 (-4096 -4096 2048 ) (-4096 -4096 832 ) (-4096 -4160 832 ) (-4096 -4160 2048 ) 
4 247 297 (-4096 -4160 832 ) (-4096 -4288 832 ) (-4096 -4288 2048 ) (-4096 -4160 2048 ) 
4 247 265 (-4032 -4480 2048 ) (-4096 -4480 2048 ) (-4096 -4480 832 ) (-4032 -4480 832 ) 
4 247 248 (-4032 -4128 832 ) (-4032 -4480 832 ) (-4096 -4480 832 ) (-4096 -4160 832 ) 
4 248 307 (-4096 -4288 744 ) (-4096 -4480 744 ) (-4096 -4480 832 ) (-4096 -4288 832 ) 
4 248 297 (-4096 -4160 744 ) (-4096 -4288 744 ) (-4096 -4288 832 ) (-4096 -4160 832 ) 
4 248 265 (-4096 -4480 832 ) (-4096 -4480 744 ) (-4032 -4480 744 ) (-4032 -4480 832 ) 
4 248 250 (-4040 -4480 744 ) (-4096 -4480 744 ) (-4096 -4160 744 ) (-4040 -4132 744 ) 
4 248 249 (-4032 -4480 744 ) (-4040 -4480 744 ) (-4040 -4132 744 ) (-4032 -4128 744 ) 
4 249 266 (-4040 -4480 704 ) (-4040 -4480 672 ) (-3840 -4480 672 ) (-3840 -4480 704 ) 
4 249 265 (-3456 -4480 744 ) (-4040 -4480 744 ) (-4040 -4480 704 ) (-3456 -4480 704 ) 
4 249 263 (-3072 -4480 672 ) (-3072 -4480 744 ) (-3456 -4480 744 ) (-3456 -4480 672 ) 
4 249 252 (-4032 -4480 672 ) (-4040 -4480 672 ) (-4040 -4132 672 ) (-4032 -4128 672 ) 
4 249 251 (-3072 -4480 672 ) (-4032 -4480 672 ) (-4032 -4096 672 ) (-3072 -4096 672 ) 
4 249 250 (-4040 -4128 672 ) (-4040 -4480 672 ) (-4040 -4480 744 ) (-4040 -4128 744 ) 
4 250 307 (-4096 -4288 672 ) (-4096 -4480 672 ) (-4096 -4480 744 ) (-4096 -4288 744 ) 
4 250 299 (-4096 -4155.281738 672 ) (-4096 -4160 672 ) (-4096 -4160 744 ) (-4096 -4155.281738 744 ) 
4 250 297 (-4096 -4160 672 ) (-4096 -4288 672 ) (-4096 -4288 744 ) (-4096 -4160 744 ) 
4 250 266 (-4096 -4480 704 ) (-4096 -4480 672 ) (-4040 -4480 672 ) (-4040 -4480 704 ) 
4 250 265 (-4040 -4480 744 ) (-4096 -4480 744 ) (-4096 -4480 704 ) (-4040 -4480 704 ) 
4 250 252 (-4040 -4480 672 ) (-4096 -4480 672 ) (-4096 -4160 672 ) (-4040 -4132 672 ) 
4 251 266 (-3840 -4480 672 ) (-4032 -4480 672 ) (-4032 -4480 616 ) (-3840 -4480 616 ) 
4 251 263 (-3072 -4480 616 ) (-3072 -4480 672 ) (-3456 -4480 672 ) (-3456 -4480 616 ) 
4 251 253 (-3072 -4480 616 ) (-4032 -4480 616 ) (-4032 -4096 616 ) (-3072 -4096 616 ) 
4 251 252 (-4032 -4128 616 ) (-4032 -4480 616 ) (-4032 -4480 672 ) (-4032 -4128 672 ) 
4 252 307 (-4096 -4288 616 ) (-4096 -4480 616 ) (-4096 -4480 672 ) (-4096 -4288 672 ) 
4 252 297 (-4096 -4160 616 ) (-4096 -4288 616 ) (-4096 -4288 672 ) (-4096 -4160 672 ) 
4 252 266 (-4032 -4480 672 ) (-4096 -4480 672 ) (-4096 -4480 616 ) (-4032 -4480 616 ) 
4 252 254 (-4040 -4480 616 ) (-4096 -4480 616 ) (-4096 -4160 616 ) (-4040 -4132 616 ) 
4 252 253 (-4032 -4480 616 ) (-4040 -4480 616 ) (-4040 -4132 616 ) (-4032 -4128 616 ) 
4 253 266 (-3840 -4480 616 ) (-4040 -4480 616 ) (-4040 -4480 544 ) (-3840 -4480 544 ) 
4 253 263 (-3072 -4480 544 ) (-3072 -4480 616 ) (-3456 -4480 616 ) (-3456 -4480 544 ) 
4 253 256 (-4032 -4480 544 ) (-4040 -4480 544 ) (-4040 -4132 544 ) (-4032 -4128 544 ) 
4 253 255 (-3072 -4480 544 ) (-4032 -4480 544 ) (-4032 -4096 544 ) (-3072 -4096 544 ) 
4 253 254 (-4040 -4128 544 ) (-4040 -4480 544 ) (-4040 -4480 616 ) (-4040 -4128 616 ) 
4 254 307 (-4096 -4288 544 ) (-4096 -4480 544 ) (-4096 -4480 616 ) (-4096 -4288 616 ) 
4 254 301 (-4096 -4155.281738 544 ) (-4096 -4160 544 ) (-4096 -4160 616 ) (-4096 -4155.281738 616 ) 
4 254 297 (-4096 -4160 544 ) (-4096 -4288 544 ) (-4096 -4288 616 ) (-4096 -4160 616 ) 
4 254 266 (-4040 -4480 616 ) (-4096 -4480 616 ) (-4096 -4480 544 ) (-4040 -4480 544 ) 
4 254 256 (-4040 -4480 544 ) (-4096 -4480 544 ) (-4096 -4160 544 ) (-4040 -4132 544 ) 
4 255 266 (-3840 -4480 544 ) (-4032 -4480 544 ) (-4032 -4480 488 ) (-3840 -4480 488 ) 
4 255 263 (-3072 -4480 488 ) (-3072 -4480 544 ) (-3456 -4480 544 ) (-3456 -4480 488 ) 
4 255 257 (-3072 -4480 488 ) (-4032 -4480 488 ) (-4032 -4096 488 ) (-3072 -4096 488 ) 
4 255 256 (-4032 -4128 488 ) (-4032 -4480 488 ) (-4032 -4480 544 ) (-4032 -4128 544 ) 
4 256 307 (-4096 -4288 488 ) (-4096 -4480 488 ) (-4096 -4480 544 ) (-4096 -4288 544 ) 
4 256 297 (-4096 -4160 488 ) (-4096 -4288 488 ) (-4096 -4288 544 ) (-4096 -4160 544 ) 
4 256 266 (-4032 -4480 544 ) (-4096 -4480 544 ) (-4096 -4480 488 ) (-4032 -4480 488 ) 
4 256 258 (-4040 -4480 488 ) (-4096 -4480 488 ) (-4096 -4160 488 ) (-4040 -4132 488 ) 
4 256 257 (-4032 -4480 488 ) (-4040 -4480 488 ) (-4040 -4132 488 ) (-4032 -4128 488 ) 
4 257 266 (-3840 -4480 488 ) (-4040 -4480 488 ) (-4040 -4480 416 ) (-3840 -4480 416 ) 
4 257 263 (-3072 -4480 416 ) (-3072 -4480 488 ) (-3456 -4480 488 ) (-3456 -4480 416 ) 
4 257 260 (-4032 -4480 416 ) (-4040 -4480 416 ) (-4040 -4132 416 ) (-4032 -4128 416 ) 
4 257 259 (-3072 -4480 416 ) (-4032 -4480 416 ) (-4032 -4096 416 ) (-3072 -4096 416 ) 
4 257 258 (-4040 -4128 416 ) (-4040 -4480 416 ) (-4040 -4480 488 ) (-4040 -4128 488 ) 
4 258 307 (-4096 -4288 416 ) (-4096 -4480 416 ) (-4096 -4480 488 ) (-4096 -4288 488 ) 
4 258 303 (-4096 -4155.281738 416 ) (-4096 -4160 416 ) (-4096 -4160 488 ) (-4096 -4155.281738 488 ) 
4 258 297 (-4096 -4160 416 ) (-4096 -4288 416 ) (-4096 -4288 488 ) (-4096 -4160 488 ) 
4 258 266 (-4040 -4480 488 ) (-4096 -4480 488 ) (-4096 -4480 416 ) (-4040 -4480 416 ) 
4 258 260 (-4040 -4480 416 ) (-4096 -4480 416 ) (-4096 -4160 416 ) (-4040 -4132 416 ) 
4 259 266 (-3840 -4480 416 ) (-4032 -4480 416 ) (-4032 -4480 360 ) (-3840 -4480 360 ) 
4 259 263 (-3072 -4480 360 ) (-3072 -4480 416 ) (-3456 -4480 416 ) (-3456 -4480 360 ) 
4 259 261 (-3072 -4480 360 ) (-4032 -4480 360 ) (-4032 -4096 360 ) (-3072 -4096 360 ) 
4 259 260 (-4032 -4128 360 ) (-4032 -4480 360 ) (-4032 -4480 416 ) (-4032 -4128 416 ) 
4 260 307 (-4096 -4288 360 ) (-4096 -4480 360 ) (-4096 -4480 416 ) (-4096 -4288 416 ) 
4 260 297 (-4096 -4160 360 ) (-4096 -4288 360 ) (-4096 -4288 416 ) (-4096 -4160 416 ) 
4 260 266 (-4032 -4480 416 ) (-4096 -4480 416 ) (-4096 -4480 360 ) (-4032 -4480 360 ) 
4 260 262 (-4040 -4480 360 ) (-4096 -4480 360 ) (-4096 -4160 360 ) (-4040 -4132 360 ) 
4 260 261 (-4032 -4480 360 ) (-4040 -4480 360 ) (-4040 -4132 360 ) (-4032 -4128 360 ) 
4 261 282 (-3840 -4480 320 ) (-4040 -4480 320 ) (-4040 -4452 320 ) (-3840 -4352 320 ) 
4 261 280 (-3456 -4480 320 ) (-3840 -4480 320 ) (-3840 -4352 320 ) (-3456 -4160 320 ) 
4 261 278 (-3328 -4096 320 ) (-3328 -4480 320 ) (-3456 -4480 320 ) (-3456 -4160 320 ) 
3 261 273 (-4040 -4096 320 ) (-3328 -4096 320 ) (-4040 -4452 320 ) 
4 261 269 (-3328 -4096 320 ) (-3200 -4096 320 ) (-3200 -4480 320 ) (-3328 -4480 320 ) 
4 261 267 (-3200 -4096 320 ) (-3072 -4096 320 ) (-3072 -4480 320 ) (-3200 -4480 320 ) 
4 261 266 (-4040 -4480 320 ) (-3840 -4480 320 ) (-3840 -4480 360 ) (-4040 -4480 360 ) 
4 261 263 (-3456 -4480 320 ) (-3072 -4480 320 ) (-3072 -4480 360 ) (-3456 -4480 360 ) 
4 261 262 (-4040 -4128 320 ) (-4040 -4480 320 ) (-4040 -4480 360 ) (-4040 -4128 360 ) 
4 262 307 (-4096 -4288 320 ) (-4096 -4480 320 ) (-4096 -4480 360 ) (-4096 -4288 360 ) 
4 262 305 (-4096 -4155.281738 320 ) (-4096 -4160 320 ) (-4096 -4160 360 ) (-4096 -4155.281738 360 ) 
4 262 297 (-4096 -4160 320 ) (-4096 -4288 320 ) (-4096 -4288 360 ) (-4096 -4160 360 ) 
3 262 282 (-4096 -4480 320 ) (-4040 -4452 320 ) (-4040 -4480 320 ) 
4 262 274 (-4096 -4480 320 ) (-4096 -4155.281738 320 ) (-4040 -4128 320 ) (-4040 -4452 320 ) 
4 262 266 (-4096 -4480 320 ) (-4040 -4480 320 ) (-4040 -4480 360 ) (-4096 -4480 360 ) 
4 263 278 (-3456 -4480 320 ) (-3328 -4480 320 ) (-3328 -4512 320 ) (-3456 -4512 320 ) 
4 263 269 (-3328 -4480 320 ) (-3200 -4480 320 ) (-3200 -4512 320 ) (-3328 -4512 320 ) 
4 263 267 (-3200 -4480 320 ) (-3072 -4480 320 ) (-3072 -4512 320 ) (-3200 -4512 320 ) 
4 263 265 (-3456 -4480 2048 ) (-3456 -4480 704 ) (-3456 -4512 704 ) (-3456 -4512 2048 ) 
4 263 264 (-3456 -4512 2048 ) (-3456 -4512 704 ) (-3072 -4512 704 ) (-3072 -4512 2048 ) 
4 264 342 (-3328 -5120 2048 ) (-3456 -5120 2048 ) (-3456 -5120 704 ) (-3328 -5120 704 ) 
4 264 341 (-3200 -5120 2048 ) (-3328 -5120 2048 ) (-3328 -5120 704 ) (-3200 -5120 704 ) 
4 264 340 (-3072 -5120 704 ) (-3072 -5120 2048 ) (-3200 -5120 2048 ) (-3200 -5120 704 ) 
4 264 265 (-3456 -5120 704 ) (-3456 -5120 2048 ) (-3456 -4512 2048 ) (-3456 -4512 704 ) 
4 265 344 (-4096 -5120 2048 ) (-4096 -5120 704 ) (-3840 -5120 704 ) (-3840 -5120 2048 ) 
4 265 343 (-3840 -5120 704 ) (-3456 -5120 704 ) (-3456 -5120 2048 ) (-3840 -5120 2048 ) 
4 265 307 (-4096 -5120 704 ) (-4096 -5120 2048 ) (-4096 -4480 2048 ) (-4096 -4480 704 ) 
4 265 266 (-4096 -4480 704 ) (-3840 -4480 704 ) (-3840 -5120 704 ) (-4096 -5120 704 ) 
4 266 344 (-4096 -5120 704 ) (-4096 -5120 320 ) (-3840 -5120 320 ) (-3840 -5120 704 ) 
4 266 307 (-4096 -5120 320 ) (-4096 -5120 704 ) (-4096 -4480 704 ) (-4096 -4480 320 ) 
4 266 282 (-4096 -5120 320 ) (-4096 -4480 320 ) (-3840 -4480 320 ) (-3840 -5120 320 ) 
4 267 269 (-3200 -4512 320 ) (-3200 -4096 320 ) (-3200 -4096 192 ) (-3200 -4512 192 ) 
3 267 268 (-3200 -4160 192 ) (-3200 -4096 192 ) (-3072 -4096 192 ) 
4 268 270 (-3200 -4160 192 ) (-3200 -4096 192 ) (-3200 -4096 176 ) (-3200 -4160 176 ) 
4 269 278 (-3328 -4512 320 ) (-3328 -4096 320 ) (-3328 -4096 192 ) (-3328 -4512 192 ) 
4 269 272 (-3328 -4288 192 ) (-3328 -4276 192 ) (-3200 -4276 192 ) (-3200 -4288 192 ) 
4 269 271 (-3328 -4276 192 ) (-3328 -4224 192 ) (-3200 -4224 192 ) (-3200 -4276 192 ) 
4 269 270 (-3328 -4224 192 ) (-3328 -4096 192 ) (-3200 -4096 192 ) (-3200 -4224 192 ) 
4 270 279 (-3328 -4224 160 ) (-3328 -4224 192 ) (-3328 -4096 192 ) (-3328 -4096 160 ) 
4 270 271 (-3200 -4224 176 ) (-3200 -4224 192 ) (-3328 -4224 192 ) (-3328 -4224 176 ) 
4 271 272 (-3200 -4276 184 ) (-3200 -4276 192 ) (-3328 -4276 192 ) (-3328 -4276 184 ) 
4 273 282 (-3840 -4352 320 ) (-4040 -4452 320 ) (-4040 -4452 288 ) (-3840 -4352 288 ) 
4 273 280 (-3456 -4160 320 ) (-3840 -4352 320 ) (-3840 -4352 288 ) (-3456 -4160 288 ) 
4 273 278 (-3328 -4096 288 ) (-3328 -4096 320 ) (-3456 -4160 320 ) (-3456 -4160 288 ) 
4 273 276 (-4032 -4128 288 ) (-4032 -4448 288 ) (-4040 -4452 288 ) (-4040 -4132 288 ) 
3 273 275 (-4032 -4096 288 ) (-3328 -4096 288 ) (-4032 -4448 288 ) 
4 273 274 (-4040 -4128 288 ) (-4040 -4452 288 ) (-4040 -4452 320 ) (-4040 -4128 320 ) 
4 274 307 (-4096 -4480 288 ) (-4096 -4480 320 ) (-4096 -4288 320 ) (-4096 -4288 288 ) 
4 274 305 (-4096 -4160 320 ) (-4096 -4155.281738 320 ) (-4096 -4155.281738 288 ) (-4096 -4160 288 ) 
4 274 297 (-4096 -4288 320 ) (-4096 -4160 320 ) (-4096 -4160 288 ) (-4096 -4288 288 ) 
4 274 282 (-4040 -4452 320 ) (-4096 -4480 320 ) (-4096 -4480 288 ) (-4040 -4452 288 ) 
4 274 276 (-4040 -4132 288 ) (-4040 -4452 288 ) (-4096 -4480 288 ) (-4096 -4160 288 ) 
4 275 283 (-4032 -4448 128 ) (-4032 -4448 72 ) (-3840 -4352 96 ) (-3840 -4352 128 ) 
4 275 282 (-3840 -4352 288 ) (-4032 -4448 288 ) (-4032 -4448 128 ) (-3840 -4352 128 ) 
3 275 281 (-3840 -4352 144 ) (-3840 -4352 96 ) (-3456 -4160 144 ) 
4 275 280 (-3456 -4160 288 ) (-3840 -4352 288 ) (-3840 -4352 144 ) (-3456 -4160 144 ) 
4 275 279 (-3328 -4096 160 ) (-3328 -4096 192 ) (-3456 -4160 192 ) (-3456 -4160 144 ) 
4 275 278 (-3328 -4096 192 ) (-3328 -4096 288 ) (-3456 -4160 288 ) (-3456 -4160 192 ) 
4 275 277 (-3328 -4095.995117 160 ) (-4032 -4447.995117 72 ) (-4032 -4192 72 ) (-3839.996338 -4095.998291 96 ) 
4 275 276 (-4032 -4128 71.998169 ) (-4032 -4448 71.998177 ) (-4032 -4448 288 ) (-4032 -4128 288 ) 
4 276 308 (-4096 -4480 64 ) (-4096 -4480 128 ) (-4096 -4288 128 ) (-4096 -4288 64 ) 
4 276 307 (-4096 -4480 128 ) (-4096 -4480 288 ) (-4096 -4288 288 ) (-4096 -4288 128 ) 
4 276 297 (-4096 -4288 288 ) (-4096 -4160 288 ) (-4096 -4160 64 ) (-4096 -4288 64 ) 
4 276 283 (-4096 -4480 128 ) (-4096 -4480 64 ) (-4032 -4448 72 ) (-4032 -4448 128 ) 
4 276 282 (-4032 -4448 288 ) (-4096 -4480 288 ) (-4096 -4480 128 ) (-4032 -4448 128 ) 
4 276 277 (-4032 -4447.995117 72 ) (-4096 -4479.995117 64 ) (-4096 -4224 64 ) (-4032 -4192 72 ) 
4 278 280 (-3456 -4160 320 ) (-3456 -4160 192 ) (-3456 -4480 192 ) (-3456 -4480 320 ) 
4 278 279 (-3456 -4288 192 ) (-3456 -4160 192 ) (-3328 -4096 192 ) (-3328 -4224 192 ) 
4 279 280 (-3456 -4160 192 ) (-3456 -4160 144 ) (-3456 -4288 144 ) (-3456 -4288 192 ) 
4 280 282 (-3840 -4352 320 ) (-3840 -4352 144 ) (-3840 -4480 144 ) (-3840 -4480 320 ) 
4 280 281 (-3840 -4480 144 ) (-3840 -4352 144 ) (-3456 -4160 144 ) (-3456 -4288 144 ) 
4 281 283 (-3840 -4352 128 ) (-3840 -4352 96 ) (-3840 -4480 96 ) (-3840 -4480 128 ) 
4 281 282 (-3840 -4352 144 ) (-3840 -4352 128 ) (-3840 -4480 128 ) (-3840 -4480 144 ) 
4 282 344 (-3840 -5120 128 ) (-3840 -5120 320 ) (-4096 -5120 320 ) (-4096 -5120 128 ) 
4 282 307 (-4096 -5120 128 ) (-4096 -5120 320 ) (-4096 -4480 320 ) (-4096 -4480 128 ) 
4 282 283 (-4096 -4582.400391 128 ) (-4096 -4480 128 ) (-3840 -4352 128 ) (-3840 -4480 128 ) 
4 283 308 (-4096 -4582.400391 128 ) (-4096 -4480 128 ) (-4096 -4480 64 ) (-4096 -4582.400391 64 ) 
4 284 293 (-4928 -3584 640 ) (-4992 -3584 640 ) (-4992 -3584 256 ) (-4928 -3584 256 ) 
4 284 287 (-4992 -3072 2048 ) (-4992 -3072 640 ) (-4992 -3584 640 ) (-4992 -3584 2048 ) 
4 284 285 (-4096 -3584 192 ) (-4792 -3584 192 ) (-4792 -3072 192 ) (-4096 -3072 192 ) 
4 285 286 (-4096 -3584 184 ) (-4792 -3584 184 ) (-4792 -3072 184 ) (-4096 -3072 184 ) 
4 286 292 (-4160 -3584 128 ) (-4800 -3584 128 ) (-4800 -3520 128 ) (-4160 -3520 128 ) 
4 286 290 (-4800 -3520 128 ) (-4800 -3312 128 ) (-4352 -3312 128 ) (-4352 -3520 128 ) 
4 286 288 (-4352 -3072 128 ) (-4096 -3072 128 ) (-4096 -3200 128 ) (-4352 -3200 128 ) 
4 286 289 (-4800 -3312 128 ) (-4800 -3072 128 ) (-4352 -3072 128 ) (-4352 -3312 128 ) 
4 287 296 (-5120 -3072 2048 ) (-5120 -3072 640 ) (-5120 -3584 640 ) (-5120 -3584 2048 ) 
4 288 289 (-4352 -3072 -8 ) (-4352 -3200 -8 ) (-4352 -3200 128 ) (-4352 -3072 128 ) 
4 289 290 (-4800 -3312 128 ) (-4800 -3312 -8 ) (-4352 -3312 -8 ) (-4352 -3312 128 ) 
4 290 292 (-4800 -3520 128 ) (-4800 -3520 -8 ) (-4352 -3520 -8 ) (-4352 -3520 128 ) 
4 291 292 (-4160 -3520 0 ) (-4160 -3520 -8 ) (-4160 -3584 -8 ) (-4160 -3584 0 ) 
4 294 298 (-4096 -4096 832 ) (-4096 -4096 2048 ) (-4928 -4096 2048 ) (-4928 -4096 832 ) 
4 294 295 (-4928 -3840 2048 ) (-4928 -3840 832 ) (-4928 -4096 832 ) (-4928 -4096 2048 ) 
4 295 310 (-4928 -4096 832 ) (-4928 -4096 2048 ) (-5120 -4096 2048 ) (-5120 -4096 832 ) 
4 297 308 (-4096 -4288 64 ) (-4096 -4288 128 ) (-4160 -4288 128 ) (-4160 -4288 64 ) 
4 297 309 (-4160 -4288 128 ) (-4352 -4288 128 ) (-4352 -4288 64 ) (-4160 -4288 64 ) 
4 297 307 (-4096 -4288 128 ) (-4096 -4288 2048 ) (-4352 -4288 2048 ) (-4352 -4288 128 ) 
4 297 305 (-4096 -4160 360 ) (-4096 -4160 288 ) (-4336.001953 -4280 288 ) (-4336.001953 -4280 360 ) 
4 297 306 (-4336.001953 -4280 288 ) (-4352.001953 -4288 288 ) (-4352.001953 -4288 360 ) (-4336.001953 -4280 360 ) 
4 297 303 (-4096 -4160 488 ) (-4096 -4160 416 ) (-4336.001953 -4280 416 ) (-4336.001953 -4280 488 ) 
4 297 304 (-4336.001953 -4280 416 ) (-4352.001953 -4288 416 ) (-4352.001953 -4288 488 ) (-4336.001953 -4280 488 ) 
4 297 301 (-4096 -4160 616 ) (-4096 -4160 544 ) (-4336.001953 -4280 544 ) (-4336.001953 -4280 616 ) 
4 297 302 (-4336.001953 -4280 544 ) (-4352.001953 -4288 544 ) (-4352.001953 -4288 616 ) (-4336.001953 -4280 616 ) 
4 297 299 (-4096 -4160 744 ) (-4096 -4160 672 ) (-4336.001953 -4280 672 ) (-4336.001953 -4280 744 ) 
4 297 300 (-4336.001953 -4280 672 ) (-4352.001953 -4288 672 ) (-4352.001953 -4288 744 ) (-4336.001953 -4280 744 ) 
4 297 298 (-4096 -4160 2048 ) (-4096 -4160 832 ) (-4352.001953 -4288 832 ) (-4352.001953 -4288 2048 ) 
4 298 310 (-4928 -4272 2048 ) (-4928 -4096 2048 ) (-4928 -4096 832 ) (-4928 -4272 832 ) 
4 298 311 (-4928 -4288 832 ) (-4928 -4288 2048 ) (-4928 -4272 2048 ) (-4928 -4272 832 ) 
4 298 307 (-4928 -4288 2048 ) (-4928 -4288 832 ) (-4352 -4288 832 ) (-4352 -4288 2048 ) 
4 299 300 (-4352 -4280 672 ) (-4336.003906 -4280 672 ) (-4336 -4280 744 ) (-4352 -4280 744 ) 
4 300 311 (-4928 -4288 672 ) (-4928 -4288 744 ) (-4928 -4280 744 ) (-4928 -4280 672 ) 
4 300 307 (-4928 -4288 744 ) (-4928 -4288 672 ) (-4352 -4288 672 ) (-4352 -4288 744 ) 
4 301 302 (-4352 -4280 544 ) (-4336.003906 -4280 544 ) (-4336 -4280 616 ) (-4352 -4280 616 ) 
4 302 311 (-4928 -4288 544 ) (-4928 -4288 616 ) (-4928 -4280 616 ) (-4928 -4280 544 ) 
4 302 307 (-4928 -4288 616 ) (-4928 -4288 544 ) (-4352 -4288 544 ) (-4352 -4288 616 ) 
4 303 304 (-4352 -4280 416 ) (-4336.003906 -4280 416 ) (-4336 -4280 488 ) (-4352 -4280 488 ) 
4 304 311 (-4928 -4288 416 ) (-4928 -4288 488 ) (-4928 -4280 488 ) (-4928 -4280 416 ) 
4 304 307 (-4928 -4288 488 ) (-4928 -4288 416 ) (-4352 -4288 416 ) (-4352 -4288 488 ) 
4 305 306 (-4352 -4280 288 ) (-4336.003906 -4280 288 ) (-4336 -4280 360 ) (-4352 -4280 360 ) 
4 306 311 (-4928 -4288 288 ) (-4928 -4288 360 ) (-4928 -4280 360 ) (-4928 -4280 288 ) 
4 306 307 (-4928 -4288 360 ) (-4928 -4288 288 ) (-4352 -4288 288 ) (-4352 -4288 360 ) 
4 307 346 (-4096 -5120 128 ) (-4096 -5120 2048 ) (-4160 -5120 2048 ) (-4160 -5120 128 ) 
4 307 347 (-4160 -5120 2048 ) (-4928 -5120 2048 ) (-4928 -5120 128 ) (-4160 -5120 128 ) 
4 307 311 (-4928 -5120 128 ) (-4928 -5120 2048 ) (-4928 -4288 2048 ) (-4928 -4288 128 ) 
4 307 308 (-4160 -4608 128 ) (-4160 -4288 128 ) (-4096 -4288 128 ) (-4096 -4582.400391 128 ) 
4 307 309 (-4160 -5120 128 ) (-4928 -5120 128 ) (-4928 -4288 128 ) (-4160 -4288 128 ) 
4 308 309 (-4160 -4288 64 ) (-4160 -4608 64 ) (-4160 -4608 128 ) (-4160 -4288 128 ) 
4 309 347 (-4160 -5120 128 ) (-4928 -5120 128 ) (-4928 -5120 64 ) (-4160 -5120 64 ) 
4 309 311 (-4928 -5120 64 ) (-4928 -5120 128 ) (-4928 -4288 128 ) (-4928 -4288 64 ) 
4 310 311 (-4928 -4272 832 ) (-4928 -4272 2048 ) (-5120 -4272 2048 ) (-5120 -4272 832 ) 
4 311 347 (-4928 -5120 64 ) (-4928 -5120 2048 ) (-5120 -5120 2048 ) (-5120 -5120 64 ) 
4 311 312 (-5120 -4272 64 ) (-5120 -5120 64 ) (-5120 -5120 2048 ) (-5120 -4272 2048 ) 
4 312 350 (-6144 -5120 32 ) (-6144 -5120 2048 ) (-6144 -4272 2048 ) (-6144 -4272 32 ) 
4 312 348 (-6144 -5120 2048 ) (-6144 -5120 32 ) (-5120 -5120 32 ) (-5120 -5120 2048 ) 
4 313 325 (-1592 -5632 1024 ) (-1592 -5632 2048 ) (-1592 -5120 2048 ) (-1592 -5120 1024 ) 
4 313 315 (-1592 -5296 1024 ) (-1592 -5120 1024 ) (-1264 -5120 1024 ) (-1264 -5296 1024 ) 
4 313 314 (-1024 -5632 1024 ) (-1264 -5632 1024 ) (-1264 -5120 1024 ) (-1024 -5120 1024 ) 
4 314 317 (-1024 -5632 1016 ) (-1040 -5632 1016 ) (-1040 -5232 1016 ) (-1024 -5232 1016 ) 
4 314 316 (-1040 -5232 1016 ) (-1040 -5120 1016 ) (-1024 -5120 1016 ) (-1024 -5232 1016 ) 
4 314 318 (-1040 -5632 1016 ) (-1264 -5632 1016 ) (-1264 -5120 1016 ) (-1040 -5120 1016 ) 
4 314 315 (-1264 -5120 1016 ) (-1264 -5296 1016 ) (-1264 -5296 1024 ) (-1264 -5120 1024 ) 
4 315 326 (-1592 -5296 1024 ) (-1592 -5120 1024 ) (-1592 -5120 1016 ) (-1592 -5296 1016 ) 
4 315 323 (-1592 -5296 1016 ) (-1592 -5120 1016 ) (-1472 -5120 1016 ) (-1472 -5296 1016 ) 
4 315 322 (-1472 -5120 1016 ) (-1280 -5120 1016 ) (-1280 -5248 1016 ) (-1472 -5248 1016 ) 
4 315 318 (-1280 -5120 1016 ) (-1264 -5120 1016 ) (-1264 -5296 1016 ) (-1280 -5296 1016 ) 
4 316 319 (-1040 -5232 888 ) (-1040 -5120 888 ) (-1024 -5120 888 ) (-1024 -5232 888 ) 
4 316 317 (-1040 -5232 1016 ) (-1040 -5232 896 ) (-1024 -5232 896 ) (-1024 -5232 1016 ) 
4 316 318 (-1040 -5120 888 ) (-1040 -5232 888 ) (-1040 -5232 1016 ) (-1040 -5120 1016 ) 
4 317 318 (-1040 -5632 896 ) (-1040 -5632 1016 ) (-1040 -5232 1016 ) (-1040 -5232 896 ) 
4 318 322 (-1280 -5248 1016 ) (-1280 -5120 1016 ) (-1280 -5120 888 ) (-1280 -5248 888 ) 
4 318 320 (-1040 -5632 888 ) (-1280 -5632 888 ) (-1280 -5296 888 ) (-1040 -5296 888 ) 
4 318 319 (-1280 -5296 888 ) (-1280 -5120 888 ) (-1040 -5120 888 ) (-1040 -5296 888 ) 
4 319 322 (-1280 -5248 888 ) (-1280 -5120 888 ) (-1280 -5120 632 ) (-1280 -5248 632 ) 
4 319 321 (-1280 -5296 632 ) (-1280 -5120 632 ) (-1024 -5120 632 ) (-1024 -5296 632 ) 
4 319 320 (-1024 -5296 640 ) (-1024 -5296 888 ) (-1280 -5296 888 ) (-1280 -5296 640 ) 
4 321 322 (-1280 -5120 320 ) (-1280 -5248 320 ) (-1280 -5248 632 ) (-1280 -5120 632 ) 
4 322 323 (-1472 -5120 320 ) (-1472 -5248 320 ) (-1472 -5248 1016 ) (-1472 -5120 1016 ) 
4 323 328 (-1592 -5120 320 ) (-1592 -5312 320 ) (-1592 -5312 512 ) (-1592 -5120 512 ) 
4 323 327 (-1592 -5312 512 ) (-1592 -5312 1016 ) (-1592 -5120 1016 ) (-1592 -5120 512 ) 
4 323 324 (-1472 -5312 512 ) (-1472 -5312 640 ) (-1592 -5312 640 ) (-1592 -5312 512 ) 
4 325 331 (-1664 -5120 2048 ) (-1664 -5120 1024 ) (-1664 -5632 1024 ) (-1664 -5632 2048 ) 
4 325 326 (-1664 -5296 1024 ) (-1664 -5120 1024 ) (-1592 -5120 1024 ) (-1592 -5296 1024 ) 
4 326 335 (-1664 -5184 1016 ) (-1664 -5296 1016 ) (-1664 -5296 1024 ) (-1664 -5184 1024 ) 
4 326 332 (-1664 -5120 1024 ) (-1664 -5120 1016 ) (-1664 -5184 1016 ) (-1664 -5184 1024 ) 
4 326 327 (-1664 -5296 1016 ) (-1664 -5120 1016 ) (-1592 -5120 1016 ) (-1592 -5296 1016 ) 
4 327 336 (-1664 -5296 512 ) (-1664 -5312 512 ) (-1664 -5312 1016 ) (-1664 -5296 1016 ) 
4 327 335 (-1664 -5184 512 ) (-1664 -5296 512 ) (-1664 -5296 1016 ) (-1664 -5184 1016 ) 
4 327 334 (-1664 -5120 632 ) (-1664 -5120 512 ) (-1664 -5184 512 ) (-1664 -5184 632 ) 
4 327 332 (-1664 -5120 1016 ) (-1664 -5120 632 ) (-1664 -5184 632 ) (-1664 -5184 1016 ) 
4 327 328 (-1664 -5312 512 ) (-1664 -5120 512 ) (-1592 -5120 512 ) (-1592 -5312 512 ) 
4 328 336 (-1664 -5296 320 ) (-1664 -5312 320 ) (-1664 -5312 512 ) (-1664 -5296 512 ) 
4 328 335 (-1664 -5184 320 ) (-1664 -5296 320 ) (-1664 -5296 512 ) (-1664 -5184 512 ) 
4 328 334 (-1664 -5120 512 ) (-1664 -5120 320 ) (-1664 -5184 320 ) (-1664 -5184 512 ) 
4 328 329 (-1592 -5312 320 ) (-1592 -5312 432 ) (-1648 -5312 432 ) (-1648 -5312 320 ) 
4 329 330 (-1592 -5328 320 ) (-1592 -5328 432 ) (-1648 -5328 432 ) (-1648 -5328 320 ) 
4 331 338 (-2048 -5120 2048 ) (-2048 -5120 1024 ) (-2048 -5376 1024 ) (-2048 -5376 2048 ) 
4 331 335 (-1664 -5184 1024 ) (-1664 -5296 1024 ) (-1680 -5296 1024 ) (-1680 -5184 1024 ) 
4 331 337 (-1680 -5376 1024 ) (-2048 -5376 1024 ) (-2048 -5184 1024 ) (-1680 -5184 1024 ) 
4 331 333 (-2048 -5120 1024 ) (-1912 -5120 1024 ) (-1912 -5184 1024 ) (-2048 -5184 1024 ) 
4 331 332 (-1912 -5120 1024 ) (-1664 -5120 1024 ) (-1664 -5184 1024 ) (-1912 -5184 1024 ) 
4 332 335 (-1664 -5184 632 ) (-1664 -5184 1024 ) (-1680 -5184 1024 ) (-1680 -5184 632 ) 
4 332 337 (-1680 -5184 1024 ) (-1912 -5184 1024 ) (-1912 -5184 632 ) (-1680 -5184 632 ) 
4 332 334 (-1664 -5184 632 ) (-1912 -5184 632 ) (-1912 -5120 632 ) (-1664 -5120 632 ) 
4 332 333 (-1912 -5184 640 ) (-1912 -5184 1024 ) (-1912 -5120 1024 ) (-1912 -5120 640 ) 
4 333 338 (-2048 -5120 1024 ) (-2048 -5120 808 ) (-2048 -5184 808 ) (-2048 -5184 1024 ) 
4 333 337 (-1912 -5184 1024 ) (-2048 -5184 1024 ) (-2048 -5184 640 ) (-1912 -5184 640 ) 
4 334 335 (-1680 -5184 320 ) (-1664 -5184 320 ) (-1664 -5184 632 ) (-1680 -5184 632 ) 
4 334 337 (-1920 -5184 320 ) (-1680 -5184 320 ) (-1680 -5184 632 ) (-1920 -5184 632 ) 
4 335 336 (-1680 -5296 1016 ) (-1680 -5296 320 ) (-1664 -5296 320 ) (-1664 -5296 1016 ) 
4 335 337 (-1680 -5184 1024 ) (-1680 -5184 320 ) (-1680 -5296 320 ) (-1680 -5296 1024 ) 
4 336 337 (-1680 -5296 320 ) (-1680 -5376 320 ) (-1680 -5376 1016 ) (-1680 -5296 1016 ) 
4 337 338 (-2048 -5376 808 ) (-2048 -5376 1024 ) (-2048 -5184 1024 ) (-2048 -5184 808 ) 
4 339 340 (-3072 -5120 2048 ) (-3072 -5120 704 ) (-3072 -5376 704 ) (-3072 -5376 2048 ) 
4 340 341 (-3200 -5120 2048 ) (-3200 -5120 704 ) (-3200 -5376 704 ) (-3200 -5376 2048 ) 
4 341 342 (-3328 -5376 704 ) (-3328 -5376 2048 ) (-3328 -5120 2048 ) (-3328 -5120 704 ) 
4 342 343 (-3456 -5120 2048 ) (-3456 -5120 704 ) (-3456 -5376 704 ) (-3456 -5376 2048 ) 
4 343 344 (-3840 -5376 704 ) (-3840 -5376 2048 ) (-3840 -5120 2048 ) (-3840 -5120 704 ) 
4 344 346 (-4096 -5120 2048 ) (-4096 -5120 128 ) (-4096 -5376 128 ) (-4096 -5376 2048 ) 
4 344 345 (-3840 -5376 128 ) (-3840 -5376 2048 ) (-4096 -5376 2048 ) (-4096 -5376 128 ) 
4 345 346 (-4096 -5760 128 ) (-4096 -5760 2048 ) (-4096 -5376 2048 ) (-4096 -5376 128 ) 
4 346 347 (-4160 -5760 128 ) (-4160 -5760 2048 ) (-4160 -5120 2048 ) (-4160 -5120 128 ) 
4 347 348 (-5120 -5760 64 ) (-5120 -5760 2048 ) (-5120 -5120 2048 ) (-5120 -5120 64 ) 
4 348 352 (-6144 -6144 32 ) (-6144 -6144 2048 ) (-6144 -5120 2048 ) (-6144 -5120 32 ) 
4 348 349 (-6144 -6144 2048 ) (-6144 -6144 32 ) (-5120 -6144 32 ) (-5120 -6144 2048 ) 
4 349 354 (-6144 -6912 2048 ) (-6144 -6144 2048 ) (-6144 -6144 32 ) (-6144 -6912 32 ) 
4 350 352 (-6144 -5120 32 ) (-6144 -5120 2048 ) (-7168 -5120 2048 ) (-7168 -5120 32 ) 
4 350 351 (-7168 -5120 32 ) (-7168 -5120 2048 ) (-7168 -4272 2048 ) (-7168 -4272 32 ) 
4 351 353 (-7168 -5120 32 ) (-7168 -5120 2048 ) (-7248 -5120 2048 ) (-7248 -5120 32 ) 
4 352 354 (-6144 -6144 32 ) (-6144 -6144 2048 ) (-7168 -6144 2048 ) (-7168 -6144 32 ) 
4 352 353 (-7168 -6144 32 ) (-7168 -6144 2048 ) (-7168 -5120 2048 ) (-7168 -5120 32 ) 
4 353 355 (-7168 -6144 32 ) (-7168 -6144 2048 ) (-7248 -6144 2048 ) (-7248 -6144 32 ) 
4 354 355 (-7168 -6144 2048 ) (-7168 -6144 32 ) (-7168 -6912 32 ) (-7168 -6912 2048 ) 
